{
  "D:/papinaser/telegram-bot/fillimo/src/App.tsx": {
    "path": "D:/papinaser/telegram-bot/fillimo/src/App.tsx",
    "statementMap": {
      "0": {
        "start": {
          "line": 1,
          "column": 18
        },
        "end": {
          "line": 1,
          "column": null
        }
      },
      "1": {
        "start": {
          "line": 6,
          "column": 2
        },
        "end": {
          "line": 11,
          "column": null
        }
      },
      "2": {
        "start": {
          "line": 13,
          "column": 1
        },
        "end": {
          "line": 5,
          "column": 15
        }
      },
      "3": {
        "start": {
          "line": 15,
          "column": 19
        },
        "end": {
          "line": 15,
          "column": null
        }
      }
    },
    "fnMap": {
      "0": {
        "name": "(anonymous_0)",
        "decl": {
          "start": {
            "line": 1,
            "column": 18
          },
          "end": {
            "line": 1,
            "column": null
          }
        },
        "loc": {
          "start": {
            "line": 1,
            "column": 18
          },
          "end": {
            "line": 1,
            "column": null
          }
        }
      },
      "1": {
        "name": "App",
        "decl": {
          "start": {
            "line": 5,
            "column": 9
          },
          "end": {
            "line": 5,
            "column": 15
          }
        },
        "loc": {
          "start": {
            "line": 5,
            "column": 15
          },
          "end": {
            "line": 13,
            "column": 1
          }
        }
      }
    },
    "branchMap": {
      "0": {
        "loc": {
          "start": {
            "line": 1,
            "column": 18
          },
          "end": {
            "line": 1,
            "column": null
          }
        },
        "type": "if",
        "locations": [
          {
            "start": {
              "line": 1,
              "column": 18
            },
            "end": {
              "line": 1,
              "column": null
            }
          }
        ]
      }
    },
    "s": {
      "0": 56,
      "1": 22,
      "2": 8,
      "3": 8
    },
    "f": {
      "0": 8,
      "1": 22
    },
    "b": {
      "0": [
        8
      ]
    }
  },
  "D:/papinaser/telegram-bot/fillimo/src/AppRoutes.tsx": {
    "path": "D:/papinaser/telegram-bot/fillimo/src/AppRoutes.tsx",
    "statementMap": {
      "0": {
        "start": {
          "line": 1,
          "column": 48
        },
        "end": {
          "line": 1,
          "column": null
        }
      },
      "1": {
        "start": {
          "line": 6,
          "column": 18
        },
        "end": {
          "line": 13,
          "column": 2
        }
      },
      "2": {
        "start": {
          "line": 7,
          "column": 2
        },
        "end": {
          "line": 11,
          "column": null
        }
      },
      "3": {
        "start": {
          "line": 13,
          "column": 2
        },
        "end": {
          "line": 6,
          "column": 18
        }
      },
      "4": {
        "start": {
          "line": 15,
          "column": 25
        },
        "end": {
          "line": 15,
          "column": null
        }
      }
    },
    "fnMap": {
      "0": {
        "name": "(anonymous_0)",
        "decl": {
          "start": {
            "line": 1,
            "column": 48
          },
          "end": {
            "line": 1,
            "column": null
          }
        },
        "loc": {
          "start": {
            "line": 1,
            "column": 48
          },
          "end": {
            "line": 1,
            "column": null
          }
        }
      },
      "1": {
        "name": "(anonymous_1)",
        "decl": {
          "start": {
            "line": 6,
            "column": 18
          },
          "end": {
            "line": 6,
            "column": 24
          }
        },
        "loc": {
          "start": {
            "line": 6,
            "column": 24
          },
          "end": {
            "line": 13,
            "column": 2
          }
        }
      }
    },
    "branchMap": {
      "0": {
        "loc": {
          "start": {
            "line": 1,
            "column": 48
          },
          "end": {
            "line": 1,
            "column": null
          }
        },
        "type": "if",
        "locations": [
          {
            "start": {
              "line": 1,
              "column": 48
            },
            "end": {
              "line": 1,
              "column": null
            }
          }
        ]
      }
    },
    "s": {
      "0": 56,
      "1": 8,
      "2": 22,
      "3": 8,
      "4": 8
    },
    "f": {
      "0": 8,
      "1": 22
    },
    "b": {
      "0": [
        8
      ]
    }
  },
  "D:/papinaser/telegram-bot/fillimo/src/Seat.tsx": {
    "path": "D:/papinaser/telegram-bot/fillimo/src/Seat.tsx",
    "statementMap": {
      "0": {
        "start": {
          "line": 5,
          "column": 30
        },
        "end": {
          "line": 64,
          "column": 2
        }
      },
      "1": {
        "start": {
          "line": 13,
          "column": 6
        },
        "end": {
          "line": 13,
          "column": null
        }
      },
      "2": {
        "start": {
          "line": 14,
          "column": 12
        },
        "end": {
          "line": 14,
          "column": null
        }
      },
      "3": {
        "start": {
          "line": 15,
          "column": 19
        },
        "end": {
          "line": 15,
          "column": null
        }
      },
      "4": {
        "start": {
          "line": 16,
          "column": 2
        },
        "end": {
          "line": 19,
          "column": null
        }
      },
      "5": {
        "start": {
          "line": 17,
          "column": 4
        },
        "end": {
          "line": 17,
          "column": null
        }
      },
      "6": {
        "start": {
          "line": 18,
          "column": 4
        },
        "end": {
          "line": 18,
          "column": null
        }
      },
      "7": {
        "start": {
          "line": 20,
          "column": 33
        },
        "end": {
          "line": 20,
          "column": null
        }
      },
      "8": {
        "start": {
          "line": 22,
          "column": 2
        },
        "end": {
          "line": 34,
          "column": null
        }
      },
      "9": {
        "start": {
          "line": 23,
          "column": 4
        },
        "end": {
          "line": 33,
          "column": null
        }
      },
      "10": {
        "start": {
          "line": 24,
          "column": 6
        },
        "end": {
          "line": 24,
          "column": null
        }
      },
      "11": {
        "start": {
          "line": 25,
          "column": 22
        },
        "end": {
          "line": 25,
          "column": null
        }
      },
      "12": {
        "start": {
          "line": 26,
          "column": 6
        },
        "end": {
          "line": 32,
          "column": null
        }
      },
      "13": {
        "start": {
          "line": 27,
          "column": 24
        },
        "end": {
          "line": 27,
          "column": null
        }
      },
      "14": {
        "start": {
          "line": 29,
          "column": 8
        },
        "end": {
          "line": 31,
          "column": null
        }
      },
      "15": {
        "start": {
          "line": 30,
          "column": 10
        },
        "end": {
          "line": 30,
          "column": null
        }
      },
      "16": {
        "start": {
          "line": 36,
          "column": 18
        },
        "end": {
          "line": 36,
          "column": null
        }
      },
      "17": {
        "start": {
          "line": 37,
          "column": 2
        },
        "end": {
          "line": 39,
          "column": null
        }
      },
      "18": {
        "start": {
          "line": 38,
          "column": 4
        },
        "end": {
          "line": 38,
          "column": null
        }
      },
      "19": {
        "start": {
          "line": 40,
          "column": 28
        },
        "end": {
          "line": 51,
          "column": null
        }
      },
      "20": {
        "start": {
          "line": 41,
          "column": 4
        },
        "end": {
          "line": 44,
          "column": null
        }
      },
      "21": {
        "start": {
          "line": 42,
          "column": 6
        },
        "end": {
          "line": 42,
          "column": null
        }
      },
      "22": {
        "start": {
          "line": 43,
          "column": 6
        },
        "end": {
          "line": 43,
          "column": null
        }
      },
      "23": {
        "start": {
          "line": 45,
          "column": 4
        },
        "end": {
          "line": 50,
          "column": null
        }
      },
      "24": {
        "start": {
          "line": 46,
          "column": 22
        },
        "end": {
          "line": 46,
          "column": null
        }
      },
      "25": {
        "start": {
          "line": 47,
          "column": 6
        },
        "end": {
          "line": 49,
          "column": null
        }
      },
      "26": {
        "start": {
          "line": 48,
          "column": 8
        },
        "end": {
          "line": 48,
          "column": null
        }
      },
      "27": {
        "start": {
          "line": 52,
          "column": 2
        },
        "end": {
          "line": 62,
          "column": null
        }
      },
      "28": {
        "start": {
          "line": 64,
          "column": 2
        },
        "end": {
          "line": 18,
          "column": 33
        }
      },
      "29": {
        "start": {
          "line": 5,
          "column": 27
        },
        "end": {
          "line": 18,
          "column": 33
        }
      },
      "30": {
        "start": {
          "line": 18,
          "column": 32
        },
        "end": {
          "line": 5,
          "column": 27
        }
      },
      "31": {
        "start": {
          "line": 66,
          "column": 20
        },
        "end": {
          "line": 66,
          "column": null
        }
      }
    },
    "fnMap": {
      "0": {
        "name": "(anonymous_1)",
        "decl": {
          "start": {
            "line": 5,
            "column": 30
          },
          "end": {
            "line": 5,
            "column": 31
          }
        },
        "loc": {
          "start": {
            "line": 13,
            "column": 6
          },
          "end": {
            "line": 64,
            "column": 2
          }
        }
      },
      "1": {
        "name": "(anonymous_2)",
        "decl": {
          "start": {
            "line": 22,
            "column": 12
          },
          "end": {
            "line": 22,
            "column": 18
          }
        },
        "loc": {
          "start": {
            "line": 22,
            "column": 18
          },
          "end": {
            "line": 34,
            "column": 5
          }
        }
      },
      "2": {
        "name": "(anonymous_3)",
        "decl": {
          "start": {
            "line": 40,
            "column": 28
          },
          "end": {
            "line": 40,
            "column": 40
          }
        },
        "loc": {
          "start": {
            "line": 40,
            "column": 40
          },
          "end": {
            "line": 51,
            "column": null
          }
        }
      },
      "3": {
        "name": "(anonymous_4)",
        "decl": {
          "start": {
            "line": 5,
            "column": 27
          },
          "end": {
            "line": 5,
            "column": 30
          }
        },
        "loc": {
          "start": {
            "line": 5,
            "column": 27
          },
          "end": {
            "line": 18,
            "column": 33
          }
        }
      }
    },
    "branchMap": {
      "0": {
        "loc": {
          "start": {
            "line": 16,
            "column": 2
          },
          "end": {
            "line": 19,
            "column": null
          }
        },
        "type": "if",
        "locations": [
          {
            "start": {
              "line": 16,
              "column": 2
            },
            "end": {
              "line": 19,
              "column": null
            }
          }
        ]
      },
      "1": {
        "loc": {
          "start": {
            "line": 23,
            "column": 4
          },
          "end": {
            "line": 33,
            "column": null
          }
        },
        "type": "if",
        "locations": [
          {
            "start": {
              "line": 23,
              "column": 4
            },
            "end": {
              "line": 33,
              "column": null
            }
          }
        ]
      },
      "2": {
        "loc": {
          "start": {
            "line": 23,
            "column": 8
          },
          "end": {
            "line": 23,
            "column": 27
          }
        },
        "type": "binary-expr",
        "locations": [
          {
            "start": {
              "line": 23,
              "column": 8
            },
            "end": {
              "line": 23,
              "column": 22
            }
          },
          {
            "start": {
              "line": 23,
              "column": 22
            },
            "end": {
              "line": 23,
              "column": 27
            }
          }
        ]
      },
      "3": {
        "loc": {
          "start": {
            "line": 26,
            "column": 6
          },
          "end": {
            "line": 32,
            "column": null
          }
        },
        "type": "if",
        "locations": [
          {
            "start": {
              "line": 26,
              "column": 6
            },
            "end": {
              "line": 32,
              "column": null
            }
          }
        ]
      },
      "4": {
        "loc": {
          "start": {
            "line": 29,
            "column": 8
          },
          "end": {
            "line": 31,
            "column": null
          }
        },
        "type": "if",
        "locations": [
          {
            "start": {
              "line": 29,
              "column": 8
            },
            "end": {
              "line": 31,
              "column": null
            }
          }
        ]
      },
      "5": {
        "loc": {
          "start": {
            "line": 37,
            "column": 2
          },
          "end": {
            "line": 39,
            "column": null
          }
        },
        "type": "if",
        "locations": [
          {
            "start": {
              "line": 37,
              "column": 2
            },
            "end": {
              "line": 39,
              "column": null
            }
          }
        ]
      },
      "6": {
        "loc": {
          "start": {
            "line": 41,
            "column": 4
          },
          "end": {
            "line": 44,
            "column": null
          }
        },
        "type": "if",
        "locations": [
          {
            "start": {
              "line": 41,
              "column": 4
            },
            "end": {
              "line": 44,
              "column": null
            }
          }
        ]
      },
      "7": {
        "loc": {
          "start": {
            "line": 45,
            "column": 4
          },
          "end": {
            "line": 50,
            "column": null
          }
        },
        "type": "if",
        "locations": [
          {
            "start": {
              "line": 45,
              "column": 4
            },
            "end": {
              "line": 50,
              "column": null
            }
          }
        ]
      },
      "8": {
        "loc": {
          "start": {
            "line": 47,
            "column": 6
          },
          "end": {
            "line": 49,
            "column": null
          }
        },
        "type": "if",
        "locations": [
          {
            "start": {
              "line": 47,
              "column": 6
            },
            "end": {
              "line": 49,
              "column": null
            }
          }
        ]
      }
    },
    "s": {
      "0": 8,
      "1": 3336,
      "2": 3336,
      "3": 3336,
      "4": 3336,
      "5": 16,
      "6": 16,
      "7": 3336,
      "8": 3336,
      "9": 3331,
      "10": 3,
      "11": 3,
      "12": 3,
      "13": 3,
      "14": 3,
      "15": 3,
      "16": 3336,
      "17": 3336,
      "18": 88,
      "19": 3336,
      "20": 3,
      "21": 1,
      "22": 1,
      "23": 2,
      "24": 2,
      "25": 2,
      "26": 1,
      "27": 3336,
      "28": 8,
      "29": 5,
      "30": 8,
      "31": 8
    },
    "f": {
      "0": 3336,
      "1": 3331,
      "2": 3,
      "3": 5
    },
    "b": {
      "0": [
        16
      ],
      "1": [
        3
      ],
      "2": [
        3331,
        3
      ],
      "3": [
        3
      ],
      "4": [
        3
      ],
      "5": [
        88
      ],
      "6": [
        1
      ],
      "7": [
        2
      ],
      "8": [
        1
      ]
    }
  },
  "D:/papinaser/telegram-bot/fillimo/src/SeatList.tsx": {
    "path": "D:/papinaser/telegram-bot/fillimo/src/SeatList.tsx",
    "statementMap": {
      "0": {
        "start": {
          "line": 7,
          "column": 19
        },
        "end": {
          "line": 7,
          "column": null
        }
      },
      "1": {
        "start": {
          "line": 8,
          "column": 17
        },
        "end": {
          "line": 87,
          "column": 2
        }
      },
      "2": {
        "start": {
          "line": 8,
          "column": 23
        },
        "end": {
          "line": 8,
          "column": null
        }
      },
      "3": {
        "start": {
          "line": 9,
          "column": 20
        },
        "end": {
          "line": 9,
          "column": null
        }
      },
      "4": {
        "start": {
          "line": 10,
          "column": 28
        },
        "end": {
          "line": 10,
          "column": null
        }
      },
      "5": {
        "start": {
          "line": 11,
          "column": 34
        },
        "end": {
          "line": 11,
          "column": null
        }
      },
      "6": {
        "start": {
          "line": 12,
          "column": 34
        },
        "end": {
          "line": 12,
          "column": null
        }
      },
      "7": {
        "start": {
          "line": 13,
          "column": 20
        },
        "end": {
          "line": 13,
          "column": null
        }
      },
      "8": {
        "start": {
          "line": 15,
          "column": 2
        },
        "end": {
          "line": 28,
          "column": null
        }
      },
      "9": {
        "start": {
          "line": 16,
          "column": 4
        },
        "end": {
          "line": 22,
          "column": null
        }
      },
      "10": {
        "start": {
          "line": 20,
          "column": 8
        },
        "end": {
          "line": 20,
          "column": null
        }
      },
      "11": {
        "start": {
          "line": 30,
          "column": 2
        },
        "end": {
          "line": 60,
          "column": null
        }
      },
      "12": {
        "start": {
          "line": 31,
          "column": 17
        },
        "end": {
          "line": 31,
          "column": null
        }
      },
      "13": {
        "start": {
          "line": 32,
          "column": 4
        },
        "end": {
          "line": 32,
          "column": null
        }
      },
      "14": {
        "start": {
          "line": 33,
          "column": 16
        },
        "end": {
          "line": 33,
          "column": null
        }
      },
      "15": {
        "start": {
          "line": 34,
          "column": 4
        },
        "end": {
          "line": 36,
          "column": null
        }
      },
      "16": {
        "start": {
          "line": 35,
          "column": 6
        },
        "end": {
          "line": 35,
          "column": null
        }
      },
      "17": {
        "start": {
          "line": 37,
          "column": 17
        },
        "end": {
          "line": 58,
          "column": null
        }
      },
      "18": {
        "start": {
          "line": 38,
          "column": 6
        },
        "end": {
          "line": 38,
          "column": null
        }
      },
      "19": {
        "start": {
          "line": 39,
          "column": 6
        },
        "end": {
          "line": 56,
          "column": null
        }
      },
      "20": {
        "start": {
          "line": 42,
          "column": 12
        },
        "end": {
          "line": 42,
          "column": null
        }
      },
      "21": {
        "start": {
          "line": 43,
          "column": 27
        },
        "end": {
          "line": 43,
          "column": null
        }
      },
      "22": {
        "start": {
          "line": 44,
          "column": 12
        },
        "end": {
          "line": 52,
          "column": null
        }
      },
      "23": {
        "start": {
          "line": 59,
          "column": 4
        },
        "end": {
          "line": 59,
          "column": null
        }
      },
      "24": {
        "start": {
          "line": 61,
          "column": 28
        },
        "end": {
          "line": 80,
          "column": null
        }
      },
      "25": {
        "start": {
          "line": 62,
          "column": 4
        },
        "end": {
          "line": 79,
          "column": null
        }
      },
      "26": {
        "start": {
          "line": 63,
          "column": 6
        },
        "end": {
          "line": 78,
          "column": null
        }
      },
      "27": {
        "start": {
          "line": 66,
          "column": 24
        },
        "end": {
          "line": 66,
          "column": null
        }
      },
      "28": {
        "start": {
          "line": 68,
          "column": 10
        },
        "end": {
          "line": 68,
          "column": null
        }
      },
      "29": {
        "start": {
          "line": 69,
          "column": 10
        },
        "end": {
          "line": 72,
          "column": null
        }
      },
      "30": {
        "start": {
          "line": 70,
          "column": 12
        },
        "end": {
          "line": 70,
          "column": null
        }
      },
      "31": {
        "start": {
          "line": 71,
          "column": 12
        },
        "end": {
          "line": 71,
          "column": null
        }
      },
      "32": {
        "start": {
          "line": 73,
          "column": 10
        },
        "end": {
          "line": 73,
          "column": null
        }
      },
      "33": {
        "start": {
          "line": 76,
          "column": 10
        },
        "end": {
          "line": 76,
          "column": null
        }
      },
      "34": {
        "start": {
          "line": 82,
          "column": 2
        },
        "end": {
          "line": 85,
          "column": null
        }
      },
      "35": {
        "start": {
          "line": 87,
          "column": 2
        },
        "end": {
          "line": 13,
          "column": 31
        }
      },
      "36": {
        "start": {
          "line": 8,
          "column": 14
        },
        "end": {
          "line": 13,
          "column": 31
        }
      },
      "37": {
        "start": {
          "line": 13,
          "column": 30
        },
        "end": {
          "line": 8,
          "column": 14
        }
      },
      "38": {
        "start": {
          "line": 89,
          "column": 24
        },
        "end": {
          "line": 89,
          "column": null
        }
      }
    },
    "fnMap": {
      "0": {
        "name": "(anonymous_1)",
        "decl": {
          "start": {
            "line": 8,
            "column": 17
          },
          "end": {
            "line": 8,
            "column": 23
          }
        },
        "loc": {
          "start": {
            "line": 8,
            "column": 23
          },
          "end": {
            "line": 87,
            "column": 2
          }
        }
      },
      "1": {
        "name": "(anonymous_2)",
        "decl": {
          "start": {
            "line": 15,
            "column": 12
          },
          "end": {
            "line": 15,
            "column": 18
          }
        },
        "loc": {
          "start": {
            "line": 15,
            "column": 18
          },
          "end": {
            "line": 28,
            "column": 5
          }
        }
      },
      "2": {
        "name": "(anonymous_3)",
        "decl": {
          "start": {
            "line": 19,
            "column": 22
          },
          "end": {
            "line": 19,
            "column": 23
          }
        },
        "loc": {
          "start": {
            "line": 19,
            "column": 36
          },
          "end": {
            "line": 21,
            "column": null
          }
        }
      },
      "3": {
        "name": "(anonymous_4)",
        "decl": {
          "start": {
            "line": 30,
            "column": 12
          },
          "end": {
            "line": 30,
            "column": 18
          }
        },
        "loc": {
          "start": {
            "line": 30,
            "column": 18
          },
          "end": {
            "line": 60,
            "column": 5
          }
        }
      },
      "4": {
        "name": "(anonymous_5)",
        "decl": {
          "start": {
            "line": 37,
            "column": 57
          },
          "end": {
            "line": 37,
            "column": 58
          }
        },
        "loc": {
          "start": {
            "line": 37,
            "column": 86
          },
          "end": {
            "line": 58,
            "column": 5
          }
        }
      },
      "5": {
        "name": "(anonymous_6)",
        "decl": {
          "start": {
            "line": 41,
            "column": 19
          },
          "end": {
            "line": 41,
            "column": 20
          }
        },
        "loc": {
          "start": {
            "line": 41,
            "column": 44
          },
          "end": {
            "line": 55,
            "column": 11
          }
        }
      },
      "6": {
        "name": "(anonymous_7)",
        "decl": {
          "start": {
            "line": 61,
            "column": 28
          },
          "end": {
            "line": 61,
            "column": 29
          }
        },
        "loc": {
          "start": {
            "line": 61,
            "column": 45
          },
          "end": {
            "line": 80,
            "column": null
          }
        }
      },
      "7": {
        "name": "(anonymous_8)",
        "decl": {
          "start": {
            "line": 62,
            "column": 33
          },
          "end": {
            "line": 62,
            "column": 45
          }
        },
        "loc": {
          "start": {
            "line": 62,
            "column": 45
          },
          "end": {
            "line": 79,
            "column": 5
          }
        }
      },
      "8": {
        "name": "(anonymous_9)",
        "decl": {
          "start": {
            "line": 66,
            "column": 17
          },
          "end": {
            "line": 66,
            "column": 24
          }
        },
        "loc": {
          "start": {
            "line": 66,
            "column": 24
          },
          "end": {
            "line": 66,
            "column": null
          }
        }
      },
      "9": {
        "name": "(anonymous_10)",
        "decl": {
          "start": {
            "line": 67,
            "column": 25
          },
          "end": {
            "line": 67,
            "column": 34
          }
        },
        "loc": {
          "start": {
            "line": 67,
            "column": 34
          },
          "end": {
            "line": 74,
            "column": null
          }
        }
      },
      "10": {
        "name": "(anonymous_11)",
        "decl": {
          "start": {
            "line": 69,
            "column": 20
          },
          "end": {
            "line": 69,
            "column": 34
          }
        },
        "loc": {
          "start": {
            "line": 69,
            "column": 34
          },
          "end": {
            "line": 72,
            "column": 11
          }
        }
      },
      "11": {
        "name": "(anonymous_12)",
        "decl": {
          "start": {
            "line": 75,
            "column": 23
          },
          "end": {
            "line": 75,
            "column": 29
          }
        },
        "loc": {
          "start": {
            "line": 75,
            "column": 29
          },
          "end": {
            "line": 77,
            "column": null
          }
        }
      },
      "12": {
        "name": "(anonymous_13)",
        "decl": {
          "start": {
            "line": 8,
            "column": 14
          },
          "end": {
            "line": 8,
            "column": 17
          }
        },
        "loc": {
          "start": {
            "line": 8,
            "column": 14
          },
          "end": {
            "line": 13,
            "column": 31
          }
        }
      }
    },
    "branchMap": {
      "0": {
        "loc": {
          "start": {
            "line": 34,
            "column": 4
          },
          "end": {
            "line": 36,
            "column": null
          }
        },
        "type": "if",
        "locations": [
          {
            "start": {
              "line": 34,
              "column": 4
            },
            "end": {
              "line": 36,
              "column": null
            }
          }
        ]
      },
      "1": {
        "loc": {
          "start": {
            "line": 43,
            "column": 27
          },
          "end": {
            "line": 43,
            "column": null
          }
        },
        "type": "binary-expr",
        "locations": [
          {
            "start": {
              "line": 43,
              "column": 27
            },
            "end": {
              "line": 43,
              "column": 55
            }
          },
          {
            "start": {
              "line": 43,
              "column": 55
            },
            "end": {
              "line": 43,
              "column": null
            }
          }
        ]
      },
      "2": {
        "loc": {
          "start": {
            "line": 84,
            "column": 7
          },
          "end": {
            "line": 84,
            "column": null
          }
        },
        "type": "cond-expr",
        "locations": [
          {
            "start": {
              "line": 84,
              "column": 25
            },
            "end": {
              "line": 84,
              "column": 36
            }
          },
          {
            "start": {
              "line": 84,
              "column": 36
            },
            "end": {
              "line": 84,
              "column": null
            }
          }
        ]
      }
    },
    "s": {
      "0": 8,
      "1": 8,
      "2": 81,
      "3": 81,
      "4": 76,
      "5": 76,
      "6": 76,
      "7": 76,
      "8": 76,
      "9": 14,
      "10": 10,
      "11": 76,
      "12": 22,
      "13": 22,
      "14": 22,
      "15": 22,
      "16": 21,
      "17": 22,
      "18": 416,
      "19": 416,
      "20": 1664,
      "21": 1664,
      "22": 1664,
      "23": 22,
      "24": 76,
      "25": 2,
      "26": 2,
      "27": 2,
      "28": 1,
      "29": 1,
      "30": 2,
      "31": 2,
      "32": 1,
      "33": 1,
      "34": 76,
      "35": 8,
      "36": 7,
      "37": 8,
      "38": 8
    },
    "f": {
      "0": 81,
      "1": 14,
      "2": 10,
      "3": 22,
      "4": 416,
      "5": 1664,
      "6": 2,
      "7": 2,
      "8": 2,
      "9": 1,
      "10": 2,
      "11": 1,
      "12": 7
    },
    "b": {
      "0": [
        21
      ],
      "1": [
        1664,
        20
      ],
      "2": [
        38,
        38
      ]
    }
  },
  "D:/papinaser/telegram-bot/fillimo/src/SelectMap.tsx": {
    "path": "D:/papinaser/telegram-bot/fillimo/src/SelectMap.tsx",
    "statementMap": {
      "0": {
        "start": {
          "line": 5,
          "column": 18
        },
        "end": {
          "line": 48,
          "column": 2
        }
      },
      "1": {
        "start": {
          "line": 5,
          "column": 24
        },
        "end": {
          "line": 5,
          "column": null
        }
      },
      "2": {
        "start": {
          "line": 6,
          "column": 26
        },
        "end": {
          "line": 6,
          "column": null
        }
      },
      "3": {
        "start": {
          "line": 7,
          "column": 31
        },
        "end": {
          "line": 7,
          "column": null
        }
      },
      "4": {
        "start": {
          "line": 8,
          "column": 14
        },
        "end": {
          "line": 8,
          "column": null
        }
      },
      "5": {
        "start": {
          "line": 9,
          "column": 2
        },
        "end": {
          "line": 17,
          "column": null
        }
      },
      "6": {
        "start": {
          "line": 10,
          "column": 4
        },
        "end": {
          "line": 16,
          "column": null
        }
      },
      "7": {
        "start": {
          "line": 14,
          "column": 8
        },
        "end": {
          "line": 14,
          "column": null
        }
      },
      "8": {
        "start": {
          "line": 18,
          "column": 26
        },
        "end": {
          "line": 24,
          "column": null
        }
      },
      "9": {
        "start": {
          "line": 19,
          "column": 4
        },
        "end": {
          "line": 22,
          "column": null
        }
      },
      "10": {
        "start": {
          "line": 20,
          "column": 20
        },
        "end": {
          "line": 20,
          "column": null
        }
      },
      "11": {
        "start": {
          "line": 21,
          "column": 6
        },
        "end": {
          "line": 21,
          "column": null
        }
      },
      "12": {
        "start": {
          "line": 23,
          "column": 4
        },
        "end": {
          "line": 23,
          "column": null
        }
      },
      "13": {
        "start": {
          "line": 25,
          "column": 2
        },
        "end": {
          "line": 46,
          "column": null
        }
      },
      "14": {
        "start": {
          "line": 31,
          "column": 12
        },
        "end": {
          "line": 33,
          "column": null
        }
      },
      "15": {
        "start": {
          "line": 31,
          "column": 57
        },
        "end": {
          "line": 31,
          "column": null
        }
      },
      "16": {
        "start": {
          "line": 41,
          "column": 23
        },
        "end": {
          "line": 41,
          "column": null
        }
      },
      "17": {
        "start": {
          "line": 48,
          "column": 2
        },
        "end": {
          "line": 8,
          "column": 26
        }
      },
      "18": {
        "start": {
          "line": 5,
          "column": 15
        },
        "end": {
          "line": 8,
          "column": 26
        }
      },
      "19": {
        "start": {
          "line": 8,
          "column": 25
        },
        "end": {
          "line": 5,
          "column": 15
        }
      },
      "20": {
        "start": {
          "line": 50,
          "column": 25
        },
        "end": {
          "line": 50,
          "column": null
        }
      }
    },
    "fnMap": {
      "0": {
        "name": "(anonymous_1)",
        "decl": {
          "start": {
            "line": 5,
            "column": 18
          },
          "end": {
            "line": 5,
            "column": 24
          }
        },
        "loc": {
          "start": {
            "line": 5,
            "column": 24
          },
          "end": {
            "line": 48,
            "column": 2
          }
        }
      },
      "1": {
        "name": "(anonymous_2)",
        "decl": {
          "start": {
            "line": 9,
            "column": 12
          },
          "end": {
            "line": 9,
            "column": 18
          }
        },
        "loc": {
          "start": {
            "line": 9,
            "column": 18
          },
          "end": {
            "line": 17,
            "column": 5
          }
        }
      },
      "2": {
        "name": "(anonymous_3)",
        "decl": {
          "start": {
            "line": 13,
            "column": 22
          },
          "end": {
            "line": 13,
            "column": 23
          }
        },
        "loc": {
          "start": {
            "line": 13,
            "column": 42
          },
          "end": {
            "line": 15,
            "column": null
          }
        }
      },
      "3": {
        "name": "(anonymous_4)",
        "decl": {
          "start": {
            "line": 18,
            "column": 26
          },
          "end": {
            "line": 18,
            "column": 27
          }
        },
        "loc": {
          "start": {
            "line": 18,
            "column": 42
          },
          "end": {
            "line": 24,
            "column": null
          }
        }
      },
      "4": {
        "name": "(anonymous_5)",
        "decl": {
          "start": {
            "line": 30,
            "column": 20
          },
          "end": {
            "line": 30,
            "column": null
          }
        },
        "loc": {
          "start": {
            "line": 31,
            "column": 12
          },
          "end": {
            "line": 33,
            "column": null
          }
        }
      },
      "5": {
        "name": "(anonymous_6)",
        "decl": {
          "start": {
            "line": 31,
            "column": 51
          },
          "end": {
            "line": 31,
            "column": 57
          }
        },
        "loc": {
          "start": {
            "line": 31,
            "column": 57
          },
          "end": {
            "line": 31,
            "column": null
          }
        }
      },
      "6": {
        "name": "(anonymous_7)",
        "decl": {
          "start": {
            "line": 41,
            "column": 17
          },
          "end": {
            "line": 41,
            "column": 23
          }
        },
        "loc": {
          "start": {
            "line": 41,
            "column": 23
          },
          "end": {
            "line": 41,
            "column": null
          }
        }
      },
      "7": {
        "name": "(anonymous_8)",
        "decl": {
          "start": {
            "line": 5,
            "column": 15
          },
          "end": {
            "line": 5,
            "column": 18
          }
        },
        "loc": {
          "start": {
            "line": 5,
            "column": 15
          },
          "end": {
            "line": 8,
            "column": 26
          }
        }
      }
    },
    "branchMap": {
      "0": {
        "loc": {
          "start": {
            "line": 19,
            "column": 4
          },
          "end": {
            "line": 22,
            "column": null
          }
        },
        "type": "if",
        "locations": [
          {
            "start": {
              "line": 19,
              "column": 4
            },
            "end": {
              "line": 22,
              "column": null
            }
          }
        ]
      },
      "1": {
        "loc": {
          "start": {
            "line": 29,
            "column": 9
          },
          "end": {
            "line": 36,
            "column": null
          }
        },
        "type": "cond-expr",
        "locations": [
          {
            "start": {
              "line": 30,
              "column": 10
            },
            "end": {
              "line": 34,
              "column": null
            }
          },
          {
            "start": {
              "line": 36,
              "column": 10
            },
            "end": {
              "line": 36,
              "column": null
            }
          }
        ]
      },
      "2": {
        "loc": {
          "start": {
            "line": 42,
            "column": 18
          },
          "end": {
            "line": 42,
            "column": 62
          }
        },
        "type": "binary-expr",
        "locations": [
          {
            "start": {
              "line": 42,
              "column": 18
            },
            "end": {
              "line": 42,
              "column": 38
            }
          },
          {
            "start": {
              "line": 42,
              "column": 38
            },
            "end": {
              "line": 42,
              "column": 62
            }
          }
        ]
      }
    },
    "s": {
      "0": 8,
      "1": 11,
      "2": 11,
      "3": 10,
      "4": 10,
      "5": 10,
      "6": 4,
      "7": 2,
      "8": 10,
      "9": 1,
      "10": 1,
      "11": 1,
      "12": 1,
      "13": 10,
      "14": 8,
      "15": 0,
      "16": 1,
      "17": 8,
      "18": 2,
      "19": 8,
      "20": 8
    },
    "f": {
      "0": 11,
      "1": 4,
      "2": 2,
      "3": 1,
      "4": 8,
      "5": 0,
      "6": 1,
      "7": 2
    },
    "b": {
      "0": [
        1
      ],
      "1": [
        2,
        8
      ],
      "2": [
        10,
        2
      ]
    }
  },
  "D:/papinaser/telegram-bot/fillimo/src/main.tsx": {
    "path": "D:/papinaser/telegram-bot/fillimo/src/main.tsx",
    "statementMap": {
      "0": {
        "start": {
          "line": 6,
          "column": 0
        },
        "end": {
          "line": 10,
          "column": null
        }
      }
    },
    "fnMap": {},
    "branchMap": {},
    "s": {
      "0": 8
    },
    "f": {},
    "b": {}
  },
  "D:/papinaser/telegram-bot/fillimo/src/hooks/useCallApi.tsx": {
    "path": "D:/papinaser/telegram-bot/fillimo/src/hooks/useCallApi.tsx",
    "statementMap": {
      "0": {
        "start": {
          "line": 5,
          "column": 19
        },
        "end": {
          "line": 76,
          "column": 2
        }
      },
      "1": {
        "start": {
          "line": 5,
          "column": 25
        },
        "end": {
          "line": 5,
          "column": null
        }
      },
      "2": {
        "start": {
          "line": 6,
          "column": 30
        },
        "end": {
          "line": 6,
          "column": null
        }
      },
      "3": {
        "start": {
          "line": 7,
          "column": 18
        },
        "end": {
          "line": 73,
          "column": null
        }
      },
      "4": {
        "start": {
          "line": 8,
          "column": 4
        },
        "end": {
          "line": 8,
          "column": null
        }
      },
      "5": {
        "start": {
          "line": 10,
          "column": 24
        },
        "end": {
          "line": 12,
          "column": null
        }
      },
      "6": {
        "start": {
          "line": 13,
          "column": 4
        },
        "end": {
          "line": 20,
          "column": null
        }
      },
      "7": {
        "start": {
          "line": 14,
          "column": 6
        },
        "end": {
          "line": 19,
          "column": null
        }
      },
      "8": {
        "start": {
          "line": 21,
          "column": 18
        },
        "end": {
          "line": 21,
          "column": null
        }
      },
      "9": {
        "start": {
          "line": 22,
          "column": 17
        },
        "end": {
          "line": 22,
          "column": null
        }
      },
      "10": {
        "start": {
          "line": 24,
          "column": 4
        },
        "end": {
          "line": 43,
          "column": null
        }
      },
      "11": {
        "start": {
          "line": 26,
          "column": 8
        },
        "end": {
          "line": 26,
          "column": null
        }
      },
      "12": {
        "start": {
          "line": 27,
          "column": 8
        },
        "end": {
          "line": 27,
          "column": null
        }
      },
      "13": {
        "start": {
          "line": 29,
          "column": 8
        },
        "end": {
          "line": 29,
          "column": null
        }
      },
      "14": {
        "start": {
          "line": 30,
          "column": 8
        },
        "end": {
          "line": 30,
          "column": null
        }
      },
      "15": {
        "start": {
          "line": 32,
          "column": 8
        },
        "end": {
          "line": 32,
          "column": null
        }
      },
      "16": {
        "start": {
          "line": 33,
          "column": 8
        },
        "end": {
          "line": 33,
          "column": null
        }
      },
      "17": {
        "start": {
          "line": 35,
          "column": 8
        },
        "end": {
          "line": 35,
          "column": null
        }
      },
      "18": {
        "start": {
          "line": 36,
          "column": 8
        },
        "end": {
          "line": 36,
          "column": null
        }
      },
      "19": {
        "start": {
          "line": 38,
          "column": 8
        },
        "end": {
          "line": 38,
          "column": null
        }
      },
      "20": {
        "start": {
          "line": 39,
          "column": 8
        },
        "end": {
          "line": 39,
          "column": null
        }
      },
      "21": {
        "start": {
          "line": 41,
          "column": 8
        },
        "end": {
          "line": 41,
          "column": null
        }
      },
      "22": {
        "start": {
          "line": 42,
          "column": 8
        },
        "end": {
          "line": 42,
          "column": null
        }
      },
      "23": {
        "start": {
          "line": 44,
          "column": 4
        },
        "end": {
          "line": 72,
          "column": null
        }
      },
      "24": {
        "start": {
          "line": 46,
          "column": 8
        },
        "end": {
          "line": 60,
          "column": null
        }
      },
      "25": {
        "start": {
          "line": 47,
          "column": 10
        },
        "end": {
          "line": 47,
          "column": null
        }
      },
      "26": {
        "start": {
          "line": 48,
          "column": 10
        },
        "end": {
          "line": 50,
          "column": null
        }
      },
      "27": {
        "start": {
          "line": 49,
          "column": 12
        },
        "end": {
          "line": 49,
          "column": null
        }
      },
      "28": {
        "start": {
          "line": 52,
          "column": 10
        },
        "end": {
          "line": 52,
          "column": null
        }
      },
      "29": {
        "start": {
          "line": 53,
          "column": 10
        },
        "end": {
          "line": 56,
          "column": null
        }
      },
      "30": {
        "start": {
          "line": 54,
          "column": 12
        },
        "end": {
          "line": 54,
          "column": null
        }
      },
      "31": {
        "start": {
          "line": 55,
          "column": 12
        },
        "end": {
          "line": 55,
          "column": null
        }
      },
      "32": {
        "start": {
          "line": 57,
          "column": 10
        },
        "end": {
          "line": 59,
          "column": null
        }
      },
      "33": {
        "start": {
          "line": 58,
          "column": 12
        },
        "end": {
          "line": 58,
          "column": null
        }
      },
      "34": {
        "start": {
          "line": 63,
          "column": 8
        },
        "end": {
          "line": 63,
          "column": null
        }
      },
      "35": {
        "start": {
          "line": 64,
          "column": 8
        },
        "end": {
          "line": 64,
          "column": null
        }
      },
      "36": {
        "start": {
          "line": 65,
          "column": 8
        },
        "end": {
          "line": 68,
          "column": null
        }
      },
      "37": {
        "start": {
          "line": 66,
          "column": 10
        },
        "end": {
          "line": 66,
          "column": null
        }
      },
      "38": {
        "start": {
          "line": 67,
          "column": 10
        },
        "end": {
          "line": 67,
          "column": null
        }
      },
      "39": {
        "start": {
          "line": 69,
          "column": 8
        },
        "end": {
          "line": 71,
          "column": null
        }
      },
      "40": {
        "start": {
          "line": 70,
          "column": 10
        },
        "end": {
          "line": 70,
          "column": null
        }
      },
      "41": {
        "start": {
          "line": 75,
          "column": 2
        },
        "end": {
          "line": 75,
          "column": null
        }
      },
      "42": {
        "start": {
          "line": 76,
          "column": 2
        },
        "end": {
          "line": 5,
          "column": 19
        }
      }
    },
    "fnMap": {
      "0": {
        "name": "(anonymous_1)",
        "decl": {
          "start": {
            "line": 5,
            "column": 19
          },
          "end": {
            "line": 5,
            "column": 25
          }
        },
        "loc": {
          "start": {
            "line": 5,
            "column": 25
          },
          "end": {
            "line": 76,
            "column": 2
          }
        }
      },
      "1": {
        "name": "(anonymous_2)",
        "decl": {
          "start": {
            "line": 7,
            "column": 18
          },
          "end": {
            "line": 7,
            "column": 19
          }
        },
        "loc": {
          "start": {
            "line": 7,
            "column": 46
          },
          "end": {
            "line": 73,
            "column": null
          }
        }
      },
      "2": {
        "name": "(anonymous_3)",
        "decl": {
          "start": {
            "line": 45,
            "column": 13
          },
          "end": {
            "line": 45,
            "column": 22
          }
        },
        "loc": {
          "start": {
            "line": 45,
            "column": 22
          },
          "end": {
            "line": 61,
            "column": 7
          }
        }
      },
      "3": {
        "name": "(anonymous_4)",
        "decl": {
          "start": {
            "line": 62,
            "column": 13
          },
          "end": {
            "line": 62,
            "column": 14
          }
        },
        "loc": {
          "start": {
            "line": 62,
            "column": 33
          },
          "end": {
            "line": 72,
            "column": 7
          }
        }
      }
    },
    "branchMap": {
      "0": {
        "loc": {
          "start": {
            "line": 13,
            "column": 4
          },
          "end": {
            "line": 20,
            "column": null
          }
        },
        "type": "if",
        "locations": [
          {
            "start": {
              "line": 13,
              "column": 4
            },
            "end": {
              "line": 20,
              "column": null
            }
          }
        ]
      },
      "1": {
        "loc": {
          "start": {
            "line": 22,
            "column": 17
          },
          "end": {
            "line": 22,
            "column": null
          }
        },
        "type": "cond-expr",
        "locations": [
          {
            "start": {
              "line": 22,
              "column": 34
            },
            "end": {
              "line": 22,
              "column": 53
            }
          },
          {
            "start": {
              "line": 22,
              "column": 53
            },
            "end": {
              "line": 22,
              "column": null
            }
          }
        ]
      },
      "2": {
        "loc": {
          "start": {
            "line": 24,
            "column": 4
          },
          "end": {
            "line": 43,
            "column": null
          }
        },
        "type": "switch",
        "locations": [
          {
            "start": {
              "line": 25,
              "column": 6
            },
            "end": {
              "line": 27,
              "column": null
            }
          },
          {
            "start": {
              "line": 28,
              "column": 6
            },
            "end": {
              "line": 30,
              "column": null
            }
          },
          {
            "start": {
              "line": 31,
              "column": 6
            },
            "end": {
              "line": 33,
              "column": null
            }
          },
          {
            "start": {
              "line": 34,
              "column": 6
            },
            "end": {
              "line": 36,
              "column": null
            }
          },
          {
            "start": {
              "line": 37,
              "column": 6
            },
            "end": {
              "line": 39,
              "column": null
            }
          },
          {
            "start": {
              "line": 40,
              "column": 6
            },
            "end": {
              "line": 42,
              "column": null
            }
          }
        ]
      },
      "3": {
        "loc": {
          "start": {
            "line": 46,
            "column": 8
          },
          "end": {
            "line": 60,
            "column": null
          }
        },
        "type": "if",
        "locations": [
          {
            "start": {
              "line": 46,
              "column": 8
            },
            "end": {
              "line": 60,
              "column": null
            }
          },
          {
            "start": {
              "line": 51,
              "column": 15
            },
            "end": {
              "line": 60,
              "column": null
            }
          }
        ]
      },
      "4": {
        "loc": {
          "start": {
            "line": 48,
            "column": 10
          },
          "end": {
            "line": 50,
            "column": null
          }
        },
        "type": "if",
        "locations": [
          {
            "start": {
              "line": 48,
              "column": 10
            },
            "end": {
              "line": 50,
              "column": null
            }
          }
        ]
      },
      "5": {
        "loc": {
          "start": {
            "line": 53,
            "column": 10
          },
          "end": {
            "line": 56,
            "column": null
          }
        },
        "type": "if",
        "locations": [
          {
            "start": {
              "line": 53,
              "column": 10
            },
            "end": {
              "line": 56,
              "column": null
            }
          }
        ]
      },
      "6": {
        "loc": {
          "start": {
            "line": 53,
            "column": 14
          },
          "end": {
            "line": 53,
            "column": 70
          }
        },
        "type": "binary-expr",
        "locations": [
          {
            "start": {
              "line": 53,
              "column": 14
            },
            "end": {
              "line": 53,
              "column": 49
            }
          },
          {
            "start": {
              "line": 53,
              "column": 49
            },
            "end": {
              "line": 53,
              "column": 70
            }
          }
        ]
      },
      "7": {
        "loc": {
          "start": {
            "line": 57,
            "column": 10
          },
          "end": {
            "line": 59,
            "column": null
          }
        },
        "type": "if",
        "locations": [
          {
            "start": {
              "line": 57,
              "column": 10
            },
            "end": {
              "line": 59,
              "column": null
            }
          }
        ]
      },
      "8": {
        "loc": {
          "start": {
            "line": 65,
            "column": 8
          },
          "end": {
            "line": 68,
            "column": null
          }
        },
        "type": "if",
        "locations": [
          {
            "start": {
              "line": 65,
              "column": 8
            },
            "end": {
              "line": 68,
              "column": null
            }
          }
        ]
      },
      "9": {
        "loc": {
          "start": {
            "line": 65,
            "column": 12
          },
          "end": {
            "line": 65,
            "column": 68
          }
        },
        "type": "binary-expr",
        "locations": [
          {
            "start": {
              "line": 65,
              "column": 12
            },
            "end": {
              "line": 65,
              "column": 47
            }
          },
          {
            "start": {
              "line": 65,
              "column": 47
            },
            "end": {
              "line": 65,
              "column": 68
            }
          }
        ]
      },
      "10": {
        "loc": {
          "start": {
            "line": 69,
            "column": 8
          },
          "end": {
            "line": 71,
            "column": null
          }
        },
        "type": "if",
        "locations": [
          {
            "start": {
              "line": 69,
              "column": 8
            },
            "end": {
              "line": 71,
              "column": null
            }
          }
        ]
      }
    },
    "s": {
      "0": 8,
      "1": 86,
      "2": 86,
      "3": 86,
      "4": 20,
      "5": 20,
      "6": 20,
      "7": 20,
      "8": 20,
      "9": 20,
      "10": 20,
      "11": 2,
      "12": 2,
      "13": 18,
      "14": 18,
      "15": 0,
      "16": 0,
      "17": 0,
      "18": 0,
      "19": 0,
      "20": 0,
      "21": 0,
      "22": 0,
      "23": 20,
      "24": 13,
      "25": 13,
      "26": 13,
      "27": 13,
      "28": 0,
      "29": 0,
      "30": 0,
      "31": 0,
      "32": 0,
      "33": 0,
      "34": 1,
      "35": 1,
      "36": 1,
      "37": 1,
      "38": 1,
      "39": 1,
      "40": 1,
      "41": 86,
      "42": 8
    },
    "f": {
      "0": 86,
      "1": 20,
      "2": 13,
      "3": 1
    },
    "b": {
      "0": [
        20
      ],
      "1": [
        2,
        18
      ],
      "2": [
        2,
        18,
        0,
        0,
        0,
        0
      ],
      "3": [
        13,
        0
      ],
      "4": [
        13
      ],
      "5": [
        0
      ],
      "6": [
        0,
        0
      ],
      "7": [
        0
      ],
      "8": [
        1
      ],
      "9": [
        1,
        0
      ],
      "10": [
        1
      ]
    }
  },
  "D:/papinaser/telegram-bot/fillimo/src/hooks/useIntersection.tsx": {
    "path": "D:/papinaser/telegram-bot/fillimo/src/hooks/useIntersection.tsx",
    "statementMap": {
      "0": {
        "start": {
          "line": 3,
          "column": 24
        },
        "end": {
          "line": 27,
          "column": 2
        }
      },
      "1": {
        "start": {
          "line": 3,
          "column": 49
        },
        "end": {
          "line": 3,
          "column": null
        }
      },
      "2": {
        "start": {
          "line": 4,
          "column": 32
        },
        "end": {
          "line": 4,
          "column": null
        }
      },
      "3": {
        "start": {
          "line": 6,
          "column": 2
        },
        "end": {
          "line": 24,
          "column": null
        }
      },
      "4": {
        "start": {
          "line": 7,
          "column": 21
        },
        "end": {
          "line": 17,
          "column": null
        }
      },
      "5": {
        "start": {
          "line": 9,
          "column": 8
        },
        "end": {
          "line": 12,
          "column": null
        }
      },
      "6": {
        "start": {
          "line": 10,
          "column": 10
        },
        "end": {
          "line": 10,
          "column": null
        }
      },
      "7": {
        "start": {
          "line": 11,
          "column": 10
        },
        "end": {
          "line": 11,
          "column": null
        }
      },
      "8": {
        "start": {
          "line": 19,
          "column": 4
        },
        "end": {
          "line": 19,
          "column": null
        }
      },
      "9": {
        "start": {
          "line": 21,
          "column": 4
        },
        "end": {
          "line": 23,
          "column": null
        }
      },
      "10": {
        "start": {
          "line": 22,
          "column": 6
        },
        "end": {
          "line": 22,
          "column": null
        }
      },
      "11": {
        "start": {
          "line": 22,
          "column": 61
        },
        "end": {
          "line": 22,
          "column": null
        }
      },
      "12": {
        "start": {
          "line": 26,
          "column": 2
        },
        "end": {
          "line": 26,
          "column": null
        }
      },
      "13": {
        "start": {
          "line": 27,
          "column": 2
        },
        "end": {
          "line": 3,
          "column": 24
        }
      }
    },
    "fnMap": {
      "0": {
        "name": "(anonymous_1)",
        "decl": {
          "start": {
            "line": 3,
            "column": 24
          },
          "end": {
            "line": 3,
            "column": 25
          }
        },
        "loc": {
          "start": {
            "line": 3,
            "column": 49
          },
          "end": {
            "line": 27,
            "column": 2
          }
        }
      },
      "1": {
        "name": "(anonymous_2)",
        "decl": {
          "start": {
            "line": 6,
            "column": 12
          },
          "end": {
            "line": 6,
            "column": 18
          }
        },
        "loc": {
          "start": {
            "line": 6,
            "column": 18
          },
          "end": {
            "line": 24,
            "column": 5
          }
        }
      },
      "2": {
        "name": "(anonymous_3)",
        "decl": {
          "start": {
            "line": 8,
            "column": 6
          },
          "end": {
            "line": 8,
            "column": 7
          }
        },
        "loc": {
          "start": {
            "line": 8,
            "column": 19
          },
          "end": {
            "line": 13,
            "column": null
          }
        }
      },
      "3": {
        "name": "(anonymous_4)",
        "decl": {
          "start": {
            "line": 21,
            "column": 11
          },
          "end": {
            "line": 21,
            "column": 17
          }
        },
        "loc": {
          "start": {
            "line": 21,
            "column": 17
          },
          "end": {
            "line": 23,
            "column": null
          }
        }
      }
    },
    "branchMap": {
      "0": {
        "loc": {
          "start": {
            "line": 9,
            "column": 8
          },
          "end": {
            "line": 12,
            "column": null
          }
        },
        "type": "if",
        "locations": [
          {
            "start": {
              "line": 9,
              "column": 8
            },
            "end": {
              "line": 12,
              "column": null
            }
          }
        ]
      },
      "1": {
        "loc": {
          "start": {
            "line": 19,
            "column": 4
          },
          "end": {
            "line": 19,
            "column": null
          }
        },
        "type": "binary-expr",
        "locations": [
          {
            "start": {
              "line": 19,
              "column": 4
            },
            "end": {
              "line": 19,
              "column": 24
            }
          },
          {
            "start": {
              "line": 19,
              "column": 24
            },
            "end": {
              "line": 19,
              "column": null
            }
          }
        ]
      },
      "2": {
        "loc": {
          "start": {
            "line": 22,
            "column": 6
          },
          "end": {
            "line": 22,
            "column": null
          }
        },
        "type": "if",
        "locations": [
          {
            "start": {
              "line": 22,
              "column": 6
            },
            "end": {
              "line": 22,
              "column": null
            }
          }
        ]
      },
      "3": {
        "loc": {
          "start": {
            "line": 22,
            "column": 10
          },
          "end": {
            "line": 22,
            "column": 61
          }
        },
        "type": "binary-expr",
        "locations": [
          {
            "start": {
              "line": 22,
              "column": 10
            },
            "end": {
              "line": 22,
              "column": 21
            }
          },
          {
            "start": {
              "line": 22,
              "column": 21
            },
            "end": {
              "line": 22,
              "column": 61
            }
          }
        ]
      }
    },
    "s": {
      "0": 8,
      "1": 16,
      "2": 16,
      "3": 16,
      "4": 10,
      "5": 4,
      "6": 3,
      "7": 3,
      "8": 10,
      "9": 10,
      "10": 5,
      "11": 5,
      "12": 16,
      "13": 8
    },
    "f": {
      "0": 16,
      "1": 10,
      "2": 4,
      "3": 5
    },
    "b": {
      "0": [
        3
      ],
      "1": [
        10,
        10
      ],
      "2": [
        5
      ],
      "3": [
        5,
        5
      ]
    }
  },
  "D:/papinaser/telegram-bot/fillimo/src/models/GeneralModels.tsx": {
    "path": "D:/papinaser/telegram-bot/fillimo/src/models/GeneralModels.tsx",
    "statementMap": {
      "0": {
        "start": {
          "line": 9,
          "column": 7
        },
        "end": {
          "line": 9,
          "column": null
        }
      },
      "1": {
        "start": {
          "line": 10,
          "column": 2
        },
        "end": {
          "line": 10,
          "column": null
        }
      },
      "2": {
        "start": {
          "line": 11,
          "column": 2
        },
        "end": {
          "line": 11,
          "column": null
        }
      },
      "3": {
        "start": {
          "line": 12,
          "column": 2
        },
        "end": {
          "line": 12,
          "column": null
        }
      },
      "4": {
        "start": {
          "line": 9,
          "column": 12
        },
        "end": {
          "line": 9,
          "column": null
        }
      }
    },
    "fnMap": {
      "0": {
        "name": "(anonymous_0)",
        "decl": {
          "start": {
            "line": 9,
            "column": 7
          },
          "end": {
            "line": 9,
            "column": 12
          }
        },
        "loc": {
          "start": {
            "line": 9,
            "column": 7
          },
          "end": {
            "line": 9,
            "column": null
          }
        }
      }
    },
    "branchMap": {
      "0": {
        "loc": {
          "start": {
            "line": 9,
            "column": 12
          },
          "end": {
            "line": 9,
            "column": null
          }
        },
        "type": "binary-expr",
        "locations": [
          {
            "start": {
              "line": 9,
              "column": 12
            },
            "end": {
              "line": 9,
              "column": null
            }
          },
          {
            "start": {
              "line": 9,
              "column": 12
            },
            "end": {
              "line": 9,
              "column": null
            }
          }
        ]
      }
    },
    "s": {
      "0": 8,
      "1": 8,
      "2": 8,
      "3": 8,
      "4": 8
    },
    "f": {
      "0": 8
    },
    "b": {
      "0": [
        8,
        8
      ]
    }
  }
}
