TN:
SF:src\App.tsx
FN:1,(anonymous_0)
FN:5,App
FNF:2
FNH:2
FNDA:8,(anonymous_0)
FNDA:22,App
DA:1,56
DA:6,22
DA:13,8
DA:15,8
LF:4
LH:4
BRDA:1,0,0,8
BRF:1
BRH:1
end_of_record
TN:
SF:src\AppRoutes.tsx
FN:1,(anonymous_0)
FN:6,(anonymous_1)
FNF:2
FNH:2
FNDA:8,(anonymous_0)
FNDA:22,(anonymous_1)
DA:1,56
DA:6,8
DA:7,22
DA:13,8
DA:15,8
LF:5
LH:5
BRDA:1,0,0,8
BRF:1
BRH:1
end_of_record
TN:
SF:src\Seat.tsx
FN:5,(anonymous_1)
FN:22,(anonymous_2)
FN:40,(anonymous_3)
FN:5,(anonymous_4)
FNF:4
FNH:4
FNDA:3336,(anonymous_1)
FNDA:3331,(anonymous_2)
FNDA:3,(anonymous_3)
FNDA:5,(anonymous_4)
DA:5,8
DA:13,3336
DA:14,3336
DA:15,3336
DA:16,3336
DA:17,16
DA:18,16
DA:20,3336
DA:22,3336
DA:23,3331
DA:24,3
DA:25,3
DA:26,3
DA:27,3
DA:29,3
DA:30,3
DA:36,3336
DA:37,3336
DA:38,88
DA:40,3336
DA:41,3
DA:42,1
DA:43,1
DA:45,2
DA:46,2
DA:47,2
DA:48,1
DA:52,3336
DA:64,8
DA:66,8
LF:30
LH:30
BRDA:16,0,0,16
BRDA:23,1,0,3
BRDA:23,2,0,3331
BRDA:23,2,1,3
BRDA:26,3,0,3
BRDA:29,4,0,3
BRDA:37,5,0,88
BRDA:41,6,0,1
BRDA:45,7,0,2
BRDA:47,8,0,1
BRF:10
BRH:10
end_of_record
TN:
SF:src\SeatList.tsx
FN:8,(anonymous_1)
FN:15,(anonymous_2)
FN:19,(anonymous_3)
FN:30,(anonymous_4)
FN:37,(anonymous_5)
FN:41,(anonymous_6)
FN:61,(anonymous_7)
FN:62,(anonymous_8)
FN:66,(anonymous_9)
FN:67,(anonymous_10)
FN:69,(anonymous_11)
FN:75,(anonymous_12)
FN:8,(anonymous_13)
FNF:13
FNH:13
FNDA:81,(anonymous_1)
FNDA:14,(anonymous_2)
FNDA:10,(anonymous_3)
FNDA:22,(anonymous_4)
FNDA:416,(anonymous_5)
FNDA:1664,(anonymous_6)
FNDA:2,(anonymous_7)
FNDA:2,(anonymous_8)
FNDA:2,(anonymous_9)
FNDA:1,(anonymous_10)
FNDA:2,(anonymous_11)
FNDA:1,(anonymous_12)
FNDA:7,(anonymous_13)
DA:7,8
DA:8,81
DA:9,81
DA:10,76
DA:11,76
DA:12,76
DA:13,76
DA:15,76
DA:16,14
DA:20,10
DA:30,76
DA:31,22
DA:32,22
DA:33,22
DA:34,22
DA:35,21
DA:37,22
DA:38,416
DA:39,416
DA:42,1664
DA:43,1664
DA:44,1664
DA:59,22
DA:61,76
DA:62,2
DA:63,2
DA:66,2
DA:68,1
DA:69,1
DA:70,2
DA:71,2
DA:73,1
DA:76,1
DA:82,76
DA:87,8
DA:89,8
LF:36
LH:36
BRDA:34,0,0,21
BRDA:43,1,0,1664
BRDA:43,1,1,20
BRDA:84,2,0,38
BRDA:84,2,1,38
BRF:5
BRH:5
end_of_record
TN:
SF:src\SelectMap.tsx
FN:5,(anonymous_1)
FN:9,(anonymous_2)
FN:13,(anonymous_3)
FN:18,(anonymous_4)
FN:30,(anonymous_5)
FN:31,(anonymous_6)
FN:41,(anonymous_7)
FN:5,(anonymous_8)
FNF:8
FNH:7
FNDA:11,(anonymous_1)
FNDA:4,(anonymous_2)
FNDA:2,(anonymous_3)
FNDA:1,(anonymous_4)
FNDA:8,(anonymous_5)
FNDA:0,(anonymous_6)
FNDA:1,(anonymous_7)
FNDA:2,(anonymous_8)
DA:5,11
DA:6,11
DA:7,10
DA:8,10
DA:9,10
DA:10,4
DA:14,2
DA:18,10
DA:19,1
DA:20,1
DA:21,1
DA:23,1
DA:25,10
DA:31,8
DA:41,1
DA:48,8
DA:50,8
LF:17
LH:17
BRDA:19,0,0,1
BRDA:29,1,0,2
BRDA:29,1,1,8
BRDA:42,2,0,10
BRDA:42,2,1,2
BRF:5
BRH:5
end_of_record
TN:
SF:src\main.tsx
FNF:0
FNH:0
DA:6,8
LF:1
LH:1
BRF:0
BRH:0
end_of_record
TN:
SF:src\hooks\useCallApi.tsx
FN:5,(anonymous_1)
FN:7,(anonymous_2)
FN:45,(anonymous_3)
FN:62,(anonymous_4)
FNF:4
FNH:4
FNDA:86,(anonymous_1)
FNDA:20,(anonymous_2)
FNDA:13,(anonymous_3)
FNDA:1,(anonymous_4)
DA:5,86
DA:6,86
DA:7,86
DA:8,20
DA:10,20
DA:13,20
DA:14,20
DA:21,20
DA:22,20
DA:24,20
DA:26,2
DA:27,2
DA:29,18
DA:30,18
DA:32,0
DA:33,0
DA:35,0
DA:36,0
DA:38,0
DA:39,0
DA:41,0
DA:42,0
DA:44,20
DA:46,13
DA:47,13
DA:48,13
DA:49,13
DA:52,0
DA:53,0
DA:54,0
DA:55,0
DA:57,0
DA:58,0
DA:63,1
DA:64,1
DA:65,1
DA:66,1
DA:67,1
DA:69,1
DA:70,1
DA:75,86
DA:76,8
LF:42
LH:28
BRDA:13,0,0,20
BRDA:22,1,0,2
BRDA:22,1,1,18
BRDA:24,2,0,2
BRDA:24,2,1,18
BRDA:24,2,2,0
BRDA:24,2,3,0
BRDA:24,2,4,0
BRDA:24,2,5,0
BRDA:46,3,0,13
BRDA:46,3,1,0
BRDA:48,4,0,13
BRDA:53,5,0,0
BRDA:53,6,0,0
BRDA:53,6,1,0
BRDA:57,7,0,0
BRDA:65,8,0,1
BRDA:65,9,0,1
BRDA:65,9,1,0
BRDA:69,10,0,1
BRF:20
BRH:10
end_of_record
TN:
SF:src\hooks\useIntersection.tsx
FN:3,(anonymous_1)
FN:6,(anonymous_2)
FN:8,(anonymous_3)
FN:21,(anonymous_4)
FNF:4
FNH:4
FNDA:16,(anonymous_1)
FNDA:10,(anonymous_2)
FNDA:4,(anonymous_3)
FNDA:5,(anonymous_4)
DA:3,16
DA:4,16
DA:6,16
DA:7,10
DA:9,4
DA:10,3
DA:11,3
DA:19,10
DA:21,10
DA:22,5
DA:26,16
DA:27,8
LF:12
LH:12
BRDA:9,0,0,3
BRDA:19,1,0,10
BRDA:19,1,1,10
BRDA:22,2,0,5
BRDA:22,3,0,5
BRDA:22,3,1,5
BRF:6
BRH:6
end_of_record
TN:
SF:src\models\GeneralModels.tsx
FN:9,(anonymous_0)
FNF:1
FNH:1
FNDA:8,(anonymous_0)
DA:9,8
DA:10,8
DA:11,8
DA:12,8
LF:4
LH:4
BRDA:9,0,0,8
BRDA:9,0,1,8
BRF:2
BRH:2
end_of_record
