{
  "D:/papinaser/telegram-bot/fillimo/src/models/GeneralModels.tsx": {
    "path": "D:/papinaser/telegram-bot/fillimo/src/models/GeneralModels.tsx",
    "statementMap": {
      "0": {
        "start": {
          "line": 1,
          "column": 40
        },
        "end": {
          "line": 6,
          "column": 20
        }
      },
      "1": {
        "start": {
          "line": 2,
          "column": 2
        },
        "end": {
          "line": 2,
          "column": 28
        }
      },
      "2": {
        "start": {
          "line": 3,
          "column": 2
        },
        "end": {
          "line": 3,
          "column": 41
        }
      },
      "3": {
        "start": {
          "line": 4,
          "column": 2
        },
        "end": {
          "line": 4,
          "column": 36
        }
      },
      "4": {
        "start": {
          "line": 5,
          "column": 2
        },
        "end": {
          "line": 5,
          "column": 21
        }
      }
    },
    "fnMap": {
      "0": {
        "name": "(anonymous_0)",
        "decl": {
          "start": {
            "line": 1,
            "column": 41
          },
          "end": {
            "line": 1,
            "column": 42
          }
        },
        "loc": {
          "start": {
            "line": 1,
            "column": 58
          },
          "end": {
            "line": 6,
            "column": 1
          }
        },
        "line": 1
      }
    },
    "branchMap": {
      "0": {
        "loc": {
          "start": {
            "line": 6,
            "column": 3
          },
          "end": {
            "line": 6,
            "column": 19
          }
        },
        "type": "binary-expr",
        "locations": [
          {
            "start": {
              "line": 6,
              "column": 3
            },
            "end": {
              "line": 6,
              "column": 13
            }
          },
          {
            "start": {
              "line": 6,
              "column": 17
            },
            "end": {
              "line": 6,
              "column": 19
            }
          }
        ],
        "line": 6
      }
    },
    "s": {
      "0": 8,
      "1": 8,
      "2": 8,
      "3": 8,
      "4": 8
    },
    "f": {
      "0": 8
    },
    "b": {
      "0": [
        8,
        8
      ]
    },
    "inputSourceMap": {
      "version": 3,
      "mappings": "AAQO,WAAKA,aAAL,kBAAKA,gBAAL;AACLC,wBAAO;AACPC,yBAAQ;AACRC,0BAAS;AAHCH;AAAAA",
      "names": [
        "PageRoutes",
        "ROOT",
        "SEATS",
        "TICKET"
      ],
      "sources": [
        "D:/papinaser/telegram-bot/fillimo/src/models/GeneralModels.tsx"
      ],
      "file": "D:/papinaser/telegram-bot/fillimo/src/models/GeneralModels.tsx"
    },
    "_coverageSchema": "1a1c01bbd47fc00a2c39e90264f33305004495a9",
    "hash": "1d119d78fd5f9eee6c075bb08cbe0fd8a6aaa25a"
  },
  "D:/papinaser/telegram-bot/fillimo/src/hooks/useCallApi.tsx": {
    "path": "D:/papinaser/telegram-bot/fillimo/src/hooks/useCallApi.tsx",
    "statementMap": {
      "0": {
        "start": {
          "line": 4,
          "column": 0
        },
        "end": {
          "line": 14,
          "column": 1
        }
      },
      "1": {
        "start": {
          "line": 5,
          "column": 2
        },
        "end": {
          "line": 7,
          "column": 3
        }
      },
      "2": {
        "start": {
          "line": 6,
          "column": 4
        },
        "end": {
          "line": 6,
          "column": 165
        }
      },
      "3": {
        "start": {
          "line": 8,
          "column": 2
        },
        "end": {
          "line": 8,
          "column": 39
        }
      },
      "4": {
        "start": {
          "line": 9,
          "column": 2
        },
        "end": {
          "line": 9,
          "column": 39
        }
      },
      "5": {
        "start": {
          "line": 10,
          "column": 2
        },
        "end": {
          "line": 12,
          "column": 4
        }
      },
      "6": {
        "start": {
          "line": 11,
          "column": 4
        },
        "end": {
          "line": 11,
          "column": 102
        }
      },
      "7": {
        "start": {
          "line": 13,
          "column": 2
        },
        "end": {
          "line": 13,
          "column": 75
        }
      },
      "8": {
        "start": {
          "line": 15,
          "column": 9
        },
        "end": {
          "line": 15,
          "column": 23
        }
      },
      "9": {
        "start": {
          "line": 18,
          "column": 19
        },
        "end": {
          "line": 86,
          "column": 1
        }
      },
      "10": {
        "start": {
          "line": 19,
          "column": 2
        },
        "end": {
          "line": 19,
          "column": 7
        }
      },
      "11": {
        "start": {
          "line": 20,
          "column": 30
        },
        "end": {
          "line": 20,
          "column": 46
        }
      },
      "12": {
        "start": {
          "line": 21,
          "column": 18
        },
        "end": {
          "line": 84,
          "column": 3
        }
      },
      "13": {
        "start": {
          "line": 22,
          "column": 4
        },
        "end": {
          "line": 22,
          "column": 25
        }
      },
      "14": {
        "start": {
          "line": 23,
          "column": 24
        },
        "end": {
          "line": 25,
          "column": 6
        }
      },
      "15": {
        "start": {
          "line": 26,
          "column": 4
        },
        "end": {
          "line": 33,
          "column": 5
        }
      },
      "16": {
        "start": {
          "line": 27,
          "column": 6
        },
        "end": {
          "line": 32,
          "column": 9
        }
      },
      "17": {
        "start": {
          "line": 34,
          "column": 17
        },
        "end": {
          "line": 34,
          "column": 37
        }
      },
      "18": {
        "start": {
          "line": 35,
          "column": 17
        },
        "end": {
          "line": 35,
          "column": 57
        }
      },
      "19": {
        "start": {
          "line": 37,
          "column": 4
        },
        "end": {
          "line": 56,
          "column": 5
        }
      },
      "20": {
        "start": {
          "line": 39,
          "column": 8
        },
        "end": {
          "line": 39,
          "column": 46
        }
      },
      "21": {
        "start": {
          "line": 40,
          "column": 8
        },
        "end": {
          "line": 40,
          "column": 14
        }
      },
      "22": {
        "start": {
          "line": 42,
          "column": 8
        },
        "end": {
          "line": 42,
          "column": 39
        }
      },
      "23": {
        "start": {
          "line": 43,
          "column": 8
        },
        "end": {
          "line": 43,
          "column": 14
        }
      },
      "24": {
        "start": {
          "line": 45,
          "column": 8
        },
        "end": {
          "line": 45,
          "column": 42
        }
      },
      "25": {
        "start": {
          "line": 46,
          "column": 8
        },
        "end": {
          "line": 46,
          "column": 14
        }
      },
      "26": {
        "start": {
          "line": 48,
          "column": 8
        },
        "end": {
          "line": 48,
          "column": 45
        }
      },
      "27": {
        "start": {
          "line": 49,
          "column": 8
        },
        "end": {
          "line": 49,
          "column": 14
        }
      },
      "28": {
        "start": {
          "line": 51,
          "column": 8
        },
        "end": {
          "line": 51,
          "column": 47
        }
      },
      "29": {
        "start": {
          "line": 52,
          "column": 8
        },
        "end": {
          "line": 52,
          "column": 14
        }
      },
      "30": {
        "start": {
          "line": 54,
          "column": 8
        },
        "end": {
          "line": 54,
          "column": 39
        }
      },
      "31": {
        "start": {
          "line": 55,
          "column": 8
        },
        "end": {
          "line": 55,
          "column": 14
        }
      },
      "32": {
        "start": {
          "line": 57,
          "column": 4
        },
        "end": {
          "line": 83,
          "column": 7
        }
      },
      "33": {
        "start": {
          "line": 58,
          "column": 6
        },
        "end": {
          "line": 72,
          "column": 7
        }
      },
      "34": {
        "start": {
          "line": 59,
          "column": 8
        },
        "end": {
          "line": 59,
          "column": 29
        }
      },
      "35": {
        "start": {
          "line": 60,
          "column": 8
        },
        "end": {
          "line": 62,
          "column": 9
        }
      },
      "36": {
        "start": {
          "line": 61,
          "column": 10
        },
        "end": {
          "line": 61,
          "column": 43
        }
      },
      "37": {
        "start": {
          "line": 64,
          "column": 8
        },
        "end": {
          "line": 64,
          "column": 28
        }
      },
      "38": {
        "start": {
          "line": 65,
          "column": 8
        },
        "end": {
          "line": 68,
          "column": 9
        }
      },
      "39": {
        "start": {
          "line": 66,
          "column": 10
        },
        "end": {
          "line": 66,
          "column": 49
        }
      },
      "40": {
        "start": {
          "line": 67,
          "column": 10
        },
        "end": {
          "line": 67,
          "column": 41
        }
      },
      "41": {
        "start": {
          "line": 69,
          "column": 8
        },
        "end": {
          "line": 71,
          "column": 9
        }
      },
      "42": {
        "start": {
          "line": 70,
          "column": 10
        },
        "end": {
          "line": 70,
          "column": 42
        }
      },
      "43": {
        "start": {
          "line": 74,
          "column": 6
        },
        "end": {
          "line": 74,
          "column": 26
        }
      },
      "44": {
        "start": {
          "line": 75,
          "column": 6
        },
        "end": {
          "line": 75,
          "column": 28
        }
      },
      "45": {
        "start": {
          "line": 76,
          "column": 6
        },
        "end": {
          "line": 79,
          "column": 7
        }
      },
      "46": {
        "start": {
          "line": 77,
          "column": 8
        },
        "end": {
          "line": 77,
          "column": 50
        }
      },
      "47": {
        "start": {
          "line": 78,
          "column": 8
        },
        "end": {
          "line": 78,
          "column": 42
        }
      },
      "48": {
        "start": {
          "line": 80,
          "column": 6
        },
        "end": {
          "line": 82,
          "column": 7
        }
      },
      "49": {
        "start": {
          "line": 81,
          "column": 8
        },
        "end": {
          "line": 81,
          "column": 33
        }
      },
      "50": {
        "start": {
          "line": 85,
          "column": 2
        },
        "end": {
          "line": 85,
          "column": 27
        }
      },
      "51": {
        "start": {
          "line": 87,
          "column": 0
        },
        "end": {
          "line": 87,
          "column": 47
        }
      },
      "52": {
        "start": {
          "line": 89,
          "column": 0
        },
        "end": {
          "line": 102,
          "column": 1
        }
      },
      "53": {
        "start": {
          "line": 90,
          "column": 2
        },
        "end": {
          "line": 90,
          "column": 39
        }
      },
      "54": {
        "start": {
          "line": 91,
          "column": 2
        },
        "end": {
          "line": 91,
          "column": 39
        }
      },
      "55": {
        "start": {
          "line": 92,
          "column": 2
        },
        "end": {
          "line": 101,
          "column": 5
        }
      },
      "56": {
        "start": {
          "line": 93,
          "column": 4
        },
        "end": {
          "line": 93,
          "column": 128
        }
      },
      "57": {
        "start": {
          "line": 94,
          "column": 4
        },
        "end": {
          "line": 100,
          "column": 7
        }
      },
      "58": {
        "start": {
          "line": 95,
          "column": 6
        },
        "end": {
          "line": 96,
          "column": 15
        }
      },
      "59": {
        "start": {
          "line": 96,
          "column": 8
        },
        "end": {
          "line": 96,
          "column": 15
        }
      },
      "60": {
        "start": {
          "line": 97,
          "column": 32
        },
        "end": {
          "line": 97,
          "column": 115
        }
      },
      "61": {
        "start": {
          "line": 98,
          "column": 6
        },
        "end": {
          "line": 99,
          "column": 54
        }
      },
      "62": {
        "start": {
          "line": 99,
          "column": 8
        },
        "end": {
          "line": 99,
          "column": 54
        }
      }
    },
    "fnMap": {
      "0": {
        "name": "(anonymous_0)",
        "decl": {
          "start": {
            "line": 10,
            "column": 24
          },
          "end": {
            "line": 10,
            "column": 25
          }
        },
        "loc": {
          "start": {
            "line": 10,
            "column": 38
          },
          "end": {
            "line": 12,
            "column": 3
          }
        },
        "line": 10
      },
      "1": {
        "name": "(anonymous_1)",
        "decl": {
          "start": {
            "line": 18,
            "column": 19
          },
          "end": {
            "line": 18,
            "column": 20
          }
        },
        "loc": {
          "start": {
            "line": 18,
            "column": 25
          },
          "end": {
            "line": 86,
            "column": 1
          }
        },
        "line": 18
      },
      "2": {
        "name": "(anonymous_2)",
        "decl": {
          "start": {
            "line": 21,
            "column": 18
          },
          "end": {
            "line": 21,
            "column": 19
          }
        },
        "loc": {
          "start": {
            "line": 21,
            "column": 30
          },
          "end": {
            "line": 84,
            "column": 3
          }
        },
        "line": 21
      },
      "3": {
        "name": "(anonymous_3)",
        "decl": {
          "start": {
            "line": 57,
            "column": 14
          },
          "end": {
            "line": 57,
            "column": 15
          }
        },
        "loc": {
          "start": {
            "line": 57,
            "column": 24
          },
          "end": {
            "line": 73,
            "column": 5
          }
        },
        "line": 57
      },
      "4": {
        "name": "(anonymous_4)",
        "decl": {
          "start": {
            "line": 73,
            "column": 13
          },
          "end": {
            "line": 73,
            "column": 14
          }
        },
        "loc": {
          "start": {
            "line": 73,
            "column": 21
          },
          "end": {
            "line": 83,
            "column": 5
          }
        },
        "line": 73
      },
      "5": {
        "name": "(anonymous_5)",
        "decl": {
          "start": {
            "line": 92,
            "column": 52
          },
          "end": {
            "line": 92,
            "column": 53
          }
        },
        "loc": {
          "start": {
            "line": 92,
            "column": 72
          },
          "end": {
            "line": 101,
            "column": 3
          }
        },
        "line": 92
      },
      "6": {
        "name": "(anonymous_6)",
        "decl": {
          "start": {
            "line": 94,
            "column": 27
          },
          "end": {
            "line": 94,
            "column": 28
          }
        },
        "loc": {
          "start": {
            "line": 94,
            "column": 44
          },
          "end": {
            "line": 100,
            "column": 5
          }
        },
        "line": 94
      }
    },
    "branchMap": {
      "0": {
        "loc": {
          "start": {
            "line": 4,
            "column": 0
          },
          "end": {
            "line": 14,
            "column": 1
          }
        },
        "type": "if",
        "locations": [
          {
            "start": {
              "line": 4,
              "column": 0
            },
            "end": {
              "line": 14,
              "column": 1
            }
          },
          {
            "start": {},
            "end": {}
          }
        ],
        "line": 4
      },
      "1": {
        "loc": {
          "start": {
            "line": 5,
            "column": 2
          },
          "end": {
            "line": 7,
            "column": 3
          }
        },
        "type": "if",
        "locations": [
          {
            "start": {
              "line": 5,
              "column": 2
            },
            "end": {
              "line": 7,
              "column": 3
            }
          },
          {
            "start": {},
            "end": {}
          }
        ],
        "line": 5
      },
      "2": {
        "loc": {
          "start": {
            "line": 26,
            "column": 4
          },
          "end": {
            "line": 33,
            "column": 5
          }
        },
        "type": "if",
        "locations": [
          {
            "start": {
              "line": 26,
              "column": 4
            },
            "end": {
              "line": 33,
              "column": 5
            }
          },
          {
            "start": {},
            "end": {}
          }
        ],
        "line": 26
      },
      "3": {
        "loc": {
          "start": {
            "line": 35,
            "column": 17
          },
          "end": {
            "line": 35,
            "column": 57
          }
        },
        "type": "cond-expr",
        "locations": [
          {
            "start": {
              "line": 35,
              "column": 34
            },
            "end": {
              "line": 35,
              "column": 50
            }
          },
          {
            "start": {
              "line": 35,
              "column": 53
            },
            "end": {
              "line": 35,
              "column": 57
            }
          }
        ],
        "line": 35
      },
      "4": {
        "loc": {
          "start": {
            "line": 37,
            "column": 4
          },
          "end": {
            "line": 56,
            "column": 5
          }
        },
        "type": "switch",
        "locations": [
          {
            "start": {
              "line": 38,
              "column": 6
            },
            "end": {
              "line": 40,
              "column": 14
            }
          },
          {
            "start": {
              "line": 41,
              "column": 6
            },
            "end": {
              "line": 43,
              "column": 14
            }
          },
          {
            "start": {
              "line": 44,
              "column": 6
            },
            "end": {
              "line": 46,
              "column": 14
            }
          },
          {
            "start": {
              "line": 47,
              "column": 6
            },
            "end": {
              "line": 49,
              "column": 14
            }
          },
          {
            "start": {
              "line": 50,
              "column": 6
            },
            "end": {
              "line": 52,
              "column": 14
            }
          },
          {
            "start": {
              "line": 53,
              "column": 6
            },
            "end": {
              "line": 55,
              "column": 14
            }
          }
        ],
        "line": 37
      },
      "5": {
        "loc": {
          "start": {
            "line": 58,
            "column": 6
          },
          "end": {
            "line": 72,
            "column": 7
          }
        },
        "type": "if",
        "locations": [
          {
            "start": {
              "line": 58,
              "column": 6
            },
            "end": {
              "line": 72,
              "column": 7
            }
          },
          {
            "start": {
              "line": 63,
              "column": 13
            },
            "end": {
              "line": 72,
              "column": 7
            }
          }
        ],
        "line": 58
      },
      "6": {
        "loc": {
          "start": {
            "line": 60,
            "column": 8
          },
          "end": {
            "line": 62,
            "column": 9
          }
        },
        "type": "if",
        "locations": [
          {
            "start": {
              "line": 60,
              "column": 8
            },
            "end": {
              "line": 62,
              "column": 9
            }
          },
          {
            "start": {},
            "end": {}
          }
        ],
        "line": 60
      },
      "7": {
        "loc": {
          "start": {
            "line": 65,
            "column": 8
          },
          "end": {
            "line": 68,
            "column": 9
          }
        },
        "type": "if",
        "locations": [
          {
            "start": {
              "line": 65,
              "column": 8
            },
            "end": {
              "line": 68,
              "column": 9
            }
          },
          {
            "start": {},
            "end": {}
          }
        ],
        "line": 65
      },
      "8": {
        "loc": {
          "start": {
            "line": 65,
            "column": 12
          },
          "end": {
            "line": 65,
            "column": 63
          }
        },
        "type": "binary-expr",
        "locations": [
          {
            "start": {
              "line": 65,
              "column": 12
            },
            "end": {
              "line": 65,
              "column": 40
            }
          },
          {
            "start": {
              "line": 65,
              "column": 44
            },
            "end": {
              "line": 65,
              "column": 63
            }
          }
        ],
        "line": 65
      },
      "9": {
        "loc": {
          "start": {
            "line": 69,
            "column": 8
          },
          "end": {
            "line": 71,
            "column": 9
          }
        },
        "type": "if",
        "locations": [
          {
            "start": {
              "line": 69,
              "column": 8
            },
            "end": {
              "line": 71,
              "column": 9
            }
          },
          {
            "start": {},
            "end": {}
          }
        ],
        "line": 69
      },
      "10": {
        "loc": {
          "start": {
            "line": 76,
            "column": 6
          },
          "end": {
            "line": 79,
            "column": 7
          }
        },
        "type": "if",
        "locations": [
          {
            "start": {
              "line": 76,
              "column": 6
            },
            "end": {
              "line": 79,
              "column": 7
            }
          },
          {
            "start": {},
            "end": {}
          }
        ],
        "line": 76
      },
      "11": {
        "loc": {
          "start": {
            "line": 76,
            "column": 10
          },
          "end": {
            "line": 76,
            "column": 61
          }
        },
        "type": "binary-expr",
        "locations": [
          {
            "start": {
              "line": 76,
              "column": 10
            },
            "end": {
              "line": 76,
              "column": 38
            }
          },
          {
            "start": {
              "line": 76,
              "column": 42
            },
            "end": {
              "line": 76,
              "column": 61
            }
          }
        ],
        "line": 76
      },
      "12": {
        "loc": {
          "start": {
            "line": 80,
            "column": 6
          },
          "end": {
            "line": 82,
            "column": 7
          }
        },
        "type": "if",
        "locations": [
          {
            "start": {
              "line": 80,
              "column": 6
            },
            "end": {
              "line": 82,
              "column": 7
            }
          },
          {
            "start": {},
            "end": {}
          }
        ],
        "line": 80
      },
      "13": {
        "loc": {
          "start": {
            "line": 89,
            "column": 0
          },
          "end": {
            "line": 102,
            "column": 1
          }
        },
        "type": "if",
        "locations": [
          {
            "start": {
              "line": 89,
              "column": 0
            },
            "end": {
              "line": 102,
              "column": 1
            }
          },
          {
            "start": {},
            "end": {}
          }
        ],
        "line": 89
      },
      "14": {
        "loc": {
          "start": {
            "line": 95,
            "column": 6
          },
          "end": {
            "line": 96,
            "column": 15
          }
        },
        "type": "if",
        "locations": [
          {
            "start": {
              "line": 95,
              "column": 6
            },
            "end": {
              "line": 96,
              "column": 15
            }
          },
          {
            "start": {},
            "end": {}
          }
        ],
        "line": 95
      },
      "15": {
        "loc": {
          "start": {
            "line": 98,
            "column": 6
          },
          "end": {
            "line": 99,
            "column": 54
          }
        },
        "type": "if",
        "locations": [
          {
            "start": {
              "line": 98,
              "column": 6
            },
            "end": {
              "line": 99,
              "column": 54
            }
          },
          {
            "start": {},
            "end": {}
          }
        ],
        "line": 98
      }
    },
    "s": {
      "0": 8,
      "1": 8,
      "2": 0,
      "3": 8,
      "4": 8,
      "5": 8,
      "6": 0,
      "7": 8,
      "8": 8,
      "9": 8,
      "10": 86,
      "11": 86,
      "12": 86,
      "13": 20,
      "14": 20,
      "15": 20,
      "16": 20,
      "17": 20,
      "18": 20,
      "19": 20,
      "20": 2,
      "21": 2,
      "22": 18,
      "23": 18,
      "24": 0,
      "25": 0,
      "26": 0,
      "27": 0,
      "28": 0,
      "29": 0,
      "30": 0,
      "31": 0,
      "32": 20,
      "33": 13,
      "34": 13,
      "35": 13,
      "36": 13,
      "37": 0,
      "38": 0,
      "39": 0,
      "40": 0,
      "41": 0,
      "42": 0,
      "43": 1,
      "44": 1,
      "45": 1,
      "46": 1,
      "47": 1,
      "48": 1,
      "49": 1,
      "50": 86,
      "51": 8,
      "52": 8,
      "53": 8,
      "54": 8,
      "55": 8,
      "56": 8,
      "57": 8,
      "58": 0,
      "59": 0,
      "60": 0,
      "61": 0,
      "62": 0
    },
    "f": {
      "0": 0,
      "1": 86,
      "2": 20,
      "3": 13,
      "4": 1,
      "5": 8,
      "6": 0
    },
    "b": {
      "0": [
        8,
        0
      ],
      "1": [
        0,
        8
      ],
      "2": [
        20,
        0
      ],
      "3": [
        2,
        18
      ],
      "4": [
        2,
        18,
        0,
        0,
        0,
        0
      ],
      "5": [
        13,
        0
      ],
      "6": [
        13,
        0
      ],
      "7": [
        0,
        0
      ],
      "8": [
        0,
        0
      ],
      "9": [
        0,
        0
      ],
      "10": [
        1,
        0
      ],
      "11": [
        1,
        0
      ],
      "12": [
        1,
        0
      ],
      "13": [
        8,
        0
      ],
      "14": [
        0,
        0
      ],
      "15": [
        0,
        0
      ]
    },
    "inputSourceMap": {
      "version": 3,
      "mappings": ";;;;;;;;;;;;;;;AAAA,SAAgBA,gBAAgB;AAChC,OAAOC,WAA0C;AAGjD,MAAMC,aAAaA,MAAM;AAAAC,KAAA;AACvB,QAAM,CAACC,QAAQC,SAAS,IAAIL,SAA4B,MAAM;AAC9D,QAAMM,UAAUA,CAACC,WAA2B;AAC1CF,cAAU,SAAS;AAEnB,QAAIG,gBAAgBP,MAAMQ,OAAO;AAAA,MAC/BC,SAASC,YAAYC,IAAIC;AAAAA,IAC3B,CAAC;AACD,QAAI,CAACN,OAAOO,SAAS;AACnBN,sBAAgBP,MAAMQ,OAAO;AAAA,QAC3BC,SAASC,YAAYC,IAAIC;AAAAA,QACzBE,SAAS;AAAA,UACPC,eAAgB;AAAA,QAClB;AAAA,MACF,CAAC;AAAA,IACH;AACA,UAAMC,OAAQ,QAAOV,OAAOW;AAC5B,UAAMC,OAAOZ,OAAOa,UAAUb,OAAOa,QAAQ,IAAI;AACjD,QAAIC;AACJ,YAAQd,OAAOe,QAAM;AAAA,MACnB,KAAK;AACHD,eAAOb,cAAce,KAAKN,MAAME,IAAI;AACpC;AAAA,MACF,KAAK;AACHE,eAAOb,cAAcgB,IAAIP,IAAI;AAC7B;AAAA,MACF,KAAK;AACHI,eAAOb,cAAciB,OAAOR,IAAI;AAChC;AAAA,MACF,KAAK;AACHI,eAAOb,cAAckB,IAAIT,MAAME,IAAI;AACnC;AAAA,MACF,KAAK;AACHE,eAAOb,cAAcmB,MAAMV,MAAME,IAAI;AACrC;AAAA,MACF;AACEE,eAAOb,cAAcgB,IAAIP,IAAI;AAC7B;AAAA,IACJ;AACAI,SACGO,KAAMC,UAAS;AACd,UAAIA,KAAKzB,WAAW,KAAK;AACvBC,kBAAU,SAAS;AACnB,YAAIE,OAAOuB,gBAAgB;AACzBvB,iBAAOuB,eAAeD,KAAKE,IAAI;AAAA,QACjC;AAAA,MACF,OAAO;AACL1B,kBAAU,QAAQ;AAClB,YAAIE,OAAOyB,eAAeC,UAAa,CAAC1B,OAAOyB,aAAa;AAC1DE,kBAAQC,MAAMN,KAAKE,KAAKI,MAAMC,OAAO;AACrCC,gBAAMR,KAAKE,KAAKI,MAAMC,OAAO;AAAA,QAC/B;AACA,YAAI7B,OAAO+B,eAAe;AACxB/B,iBAAO+B,cAAcT,KAAKE,IAAI;AAAA,QAChC;AAAA,MACF;AAAA,IACF,CAAC,EACAQ,MAAM,CAACC,OAAmB;AACzBnC,gBAAU,QAAQ;AAClB6B,cAAQO,IAAI,MAAMD,EAAE;AACpB,UAAIjC,OAAOyB,eAAeC,UAAa,CAAC1B,OAAOyB,aAAa;AAC1DE,gBAAQC,MAAMK,GAAGE,UAAUX,MAAMK,OAAO;AACxCC,cAAMG,GAAGE,UAAUX,MAAMK,OAAO;AAAA,MAClC;AACA,UAAI7B,OAAO+B,eAAe;AACxB/B,eAAO+B,cAAcE,EAAE;AAAA,MACzB;AAAA,IACF,CAAC;AAAA,EACL;AAEA,SAAO,CAAClC,SAASF,MAAM;AACzB;AAAED,GAvEID,YAAU;AAyEhB,eAAeA",
      "names": [
        "useState",
        "axios",
        "useCallApi",
        "_s",
        "status",
        "setStatus",
        "execute",
        "config",
        "axiosInstance",
        "create",
        "baseURL",
        "import",
        "env",
        "VITE_SERVER_URL",
        "noToken",
        "headers",
        "Authorization",
        "addr",
        "url",
        "body",
        "getBody",
        "call",
        "method",
        "post",
        "get",
        "delete",
        "put",
        "patch",
        "then",
        "resp",
        "successHandler",
        "data",
        "noShowError",
        "undefined",
        "console",
        "error",
        "message",
        "alert",
        "failedHandler",
        "catch",
        "ex",
        "log",
        "response"
      ],
      "sources": [
        "D:/papinaser/telegram-bot/fillimo/src/hooks/useCallApi.tsx"
      ],
      "file": "D:/papinaser/telegram-bot/fillimo/src/hooks/useCallApi.tsx"
    },
    "_coverageSchema": "1a1c01bbd47fc00a2c39e90264f33305004495a9",
    "hash": "623f8d715f9ce36346f34ac957d9e027fe5c9723"
  },
  "D:/papinaser/telegram-bot/fillimo/src/SelectMap.tsx": {
    "path": "D:/papinaser/telegram-bot/fillimo/src/SelectMap.tsx",
    "statementMap": {
      "0": {
        "start": {
          "line": 5,
          "column": 0
        },
        "end": {
          "line": 15,
          "column": 1
        }
      },
      "1": {
        "start": {
          "line": 6,
          "column": 2
        },
        "end": {
          "line": 8,
          "column": 3
        }
      },
      "2": {
        "start": {
          "line": 7,
          "column": 4
        },
        "end": {
          "line": 7,
          "column": 165
        }
      },
      "3": {
        "start": {
          "line": 9,
          "column": 2
        },
        "end": {
          "line": 9,
          "column": 39
        }
      },
      "4": {
        "start": {
          "line": 10,
          "column": 2
        },
        "end": {
          "line": 10,
          "column": 39
        }
      },
      "5": {
        "start": {
          "line": 11,
          "column": 2
        },
        "end": {
          "line": 13,
          "column": 4
        }
      },
      "6": {
        "start": {
          "line": 12,
          "column": 4
        },
        "end": {
          "line": 12,
          "column": 95
        }
      },
      "7": {
        "start": {
          "line": 14,
          "column": 2
        },
        "end": {
          "line": 14,
          "column": 75
        }
      },
      "8": {
        "start": {
          "line": 16,
          "column": 9
        },
        "end": {
          "line": 16,
          "column": 23
        }
      },
      "9": {
        "start": {
          "line": 20,
          "column": 18
        },
        "end": {
          "line": 70,
          "column": 1
        }
      },
      "10": {
        "start": {
          "line": 21,
          "column": 2
        },
        "end": {
          "line": 21,
          "column": 7
        }
      },
      "11": {
        "start": {
          "line": 22,
          "column": 26
        },
        "end": {
          "line": 22,
          "column": 38
        }
      },
      "12": {
        "start": {
          "line": 23,
          "column": 31
        },
        "end": {
          "line": 23,
          "column": 43
        }
      },
      "13": {
        "start": {
          "line": 24,
          "column": 14
        },
        "end": {
          "line": 24,
          "column": 27
        }
      },
      "14": {
        "start": {
          "line": 25,
          "column": 2
        },
        "end": {
          "line": 33,
          "column": 9
        }
      },
      "15": {
        "start": {
          "line": 26,
          "column": 4
        },
        "end": {
          "line": 32,
          "column": 7
        }
      },
      "16": {
        "start": {
          "line": 30,
          "column": 8
        },
        "end": {
          "line": 30,
          "column": 22
        }
      },
      "17": {
        "start": {
          "line": 34,
          "column": 26
        },
        "end": {
          "line": 40,
          "column": 3
        }
      },
      "18": {
        "start": {
          "line": 35,
          "column": 4
        },
        "end": {
          "line": 38,
          "column": 5
        }
      },
      "19": {
        "start": {
          "line": 36,
          "column": 20
        },
        "end": {
          "line": 36,
          "column": 59
        }
      },
      "20": {
        "start": {
          "line": 37,
          "column": 6
        },
        "end": {
          "line": 37,
          "column": 23
        }
      },
      "21": {
        "start": {
          "line": 39,
          "column": 4
        },
        "end": {
          "line": 39,
          "column": 24
        }
      },
      "22": {
        "start": {
          "line": 41,
          "column": 2
        },
        "end": {
          "line": 69,
          "column": 11
        }
      },
      "23": {
        "start": {
          "line": 47,
          "column": 122
        },
        "end": {
          "line": 51,
          "column": 12
        }
      },
      "24": {
        "start": {
          "line": 47,
          "column": 180
        },
        "end": {
          "line": 47,
          "column": 201
        }
      },
      "25": {
        "start": {
          "line": 60,
          "column": 83
        },
        "end": {
          "line": 60,
          "column": 102
        }
      },
      "26": {
        "start": {
          "line": 71,
          "column": 0
        },
        "end": {
          "line": 73,
          "column": 3
        }
      },
      "27": {
        "start": {
          "line": 72,
          "column": 2
        },
        "end": {
          "line": 72,
          "column": 35
        }
      },
      "28": {
        "start": {
          "line": 74,
          "column": 0
        },
        "end": {
          "line": 74,
          "column": 15
        }
      },
      "29": {
        "start": {
          "line": 77,
          "column": 0
        },
        "end": {
          "line": 77,
          "column": 30
        }
      },
      "30": {
        "start": {
          "line": 78,
          "column": 0
        },
        "end": {
          "line": 91,
          "column": 1
        }
      },
      "31": {
        "start": {
          "line": 79,
          "column": 2
        },
        "end": {
          "line": 79,
          "column": 39
        }
      },
      "32": {
        "start": {
          "line": 80,
          "column": 2
        },
        "end": {
          "line": 80,
          "column": 39
        }
      },
      "33": {
        "start": {
          "line": 81,
          "column": 2
        },
        "end": {
          "line": 90,
          "column": 5
        }
      },
      "34": {
        "start": {
          "line": 82,
          "column": 4
        },
        "end": {
          "line": 82,
          "column": 121
        }
      },
      "35": {
        "start": {
          "line": 83,
          "column": 4
        },
        "end": {
          "line": 89,
          "column": 7
        }
      },
      "36": {
        "start": {
          "line": 84,
          "column": 6
        },
        "end": {
          "line": 85,
          "column": 15
        }
      },
      "37": {
        "start": {
          "line": 85,
          "column": 8
        },
        "end": {
          "line": 85,
          "column": 15
        }
      },
      "38": {
        "start": {
          "line": 86,
          "column": 32
        },
        "end": {
          "line": 86,
          "column": 115
        }
      },
      "39": {
        "start": {
          "line": 87,
          "column": 6
        },
        "end": {
          "line": 88,
          "column": 54
        }
      },
      "40": {
        "start": {
          "line": 88,
          "column": 8
        },
        "end": {
          "line": 88,
          "column": 54
        }
      }
    },
    "fnMap": {
      "0": {
        "name": "(anonymous_0)",
        "decl": {
          "start": {
            "line": 11,
            "column": 24
          },
          "end": {
            "line": 11,
            "column": 25
          }
        },
        "loc": {
          "start": {
            "line": 11,
            "column": 38
          },
          "end": {
            "line": 13,
            "column": 3
          }
        },
        "line": 11
      },
      "1": {
        "name": "(anonymous_1)",
        "decl": {
          "start": {
            "line": 20,
            "column": 18
          },
          "end": {
            "line": 20,
            "column": 19
          }
        },
        "loc": {
          "start": {
            "line": 20,
            "column": 24
          },
          "end": {
            "line": 70,
            "column": 1
          }
        },
        "line": 20
      },
      "2": {
        "name": "(anonymous_2)",
        "decl": {
          "start": {
            "line": 25,
            "column": 12
          },
          "end": {
            "line": 25,
            "column": 13
          }
        },
        "loc": {
          "start": {
            "line": 25,
            "column": 18
          },
          "end": {
            "line": 33,
            "column": 3
          }
        },
        "line": 25
      },
      "3": {
        "name": "(anonymous_3)",
        "decl": {
          "start": {
            "line": 29,
            "column": 22
          },
          "end": {
            "line": 29,
            "column": 23
          }
        },
        "loc": {
          "start": {
            "line": 29,
            "column": 32
          },
          "end": {
            "line": 31,
            "column": 7
          }
        },
        "line": 29
      },
      "4": {
        "name": "(anonymous_4)",
        "decl": {
          "start": {
            "line": 34,
            "column": 26
          },
          "end": {
            "line": 34,
            "column": 27
          }
        },
        "loc": {
          "start": {
            "line": 34,
            "column": 34
          },
          "end": {
            "line": 40,
            "column": 3
          }
        },
        "line": 34
      },
      "5": {
        "name": "(anonymous_5)",
        "decl": {
          "start": {
            "line": 47,
            "column": 96
          },
          "end": {
            "line": 47,
            "column": 97
          }
        },
        "loc": {
          "start": {
            "line": 47,
            "column": 122
          },
          "end": {
            "line": 51,
            "column": 12
          }
        },
        "line": 47
      },
      "6": {
        "name": "(anonymous_6)",
        "decl": {
          "start": {
            "line": 47,
            "column": 174
          },
          "end": {
            "line": 47,
            "column": 175
          }
        },
        "loc": {
          "start": {
            "line": 47,
            "column": 180
          },
          "end": {
            "line": 47,
            "column": 201
          }
        },
        "line": 47
      },
      "7": {
        "name": "(anonymous_7)",
        "decl": {
          "start": {
            "line": 60,
            "column": 77
          },
          "end": {
            "line": 60,
            "column": 78
          }
        },
        "loc": {
          "start": {
            "line": 60,
            "column": 83
          },
          "end": {
            "line": 60,
            "column": 102
          }
        },
        "line": 60
      },
      "8": {
        "name": "(anonymous_8)",
        "decl": {
          "start": {
            "line": 71,
            "column": 53
          },
          "end": {
            "line": 71,
            "column": 54
          }
        },
        "loc": {
          "start": {
            "line": 71,
            "column": 64
          },
          "end": {
            "line": 73,
            "column": 1
          }
        },
        "line": 71
      },
      "9": {
        "name": "(anonymous_9)",
        "decl": {
          "start": {
            "line": 81,
            "column": 52
          },
          "end": {
            "line": 81,
            "column": 53
          }
        },
        "loc": {
          "start": {
            "line": 81,
            "column": 72
          },
          "end": {
            "line": 90,
            "column": 3
          }
        },
        "line": 81
      },
      "10": {
        "name": "(anonymous_10)",
        "decl": {
          "start": {
            "line": 83,
            "column": 27
          },
          "end": {
            "line": 83,
            "column": 28
          }
        },
        "loc": {
          "start": {
            "line": 83,
            "column": 44
          },
          "end": {
            "line": 89,
            "column": 5
          }
        },
        "line": 83
      }
    },
    "branchMap": {
      "0": {
        "loc": {
          "start": {
            "line": 5,
            "column": 0
          },
          "end": {
            "line": 15,
            "column": 1
          }
        },
        "type": "if",
        "locations": [
          {
            "start": {
              "line": 5,
              "column": 0
            },
            "end": {
              "line": 15,
              "column": 1
            }
          },
          {
            "start": {},
            "end": {}
          }
        ],
        "line": 5
      },
      "1": {
        "loc": {
          "start": {
            "line": 6,
            "column": 2
          },
          "end": {
            "line": 8,
            "column": 3
          }
        },
        "type": "if",
        "locations": [
          {
            "start": {
              "line": 6,
              "column": 2
            },
            "end": {
              "line": 8,
              "column": 3
            }
          },
          {
            "start": {},
            "end": {}
          }
        ],
        "line": 6
      },
      "2": {
        "loc": {
          "start": {
            "line": 35,
            "column": 4
          },
          "end": {
            "line": 38,
            "column": 5
          }
        },
        "type": "if",
        "locations": [
          {
            "start": {
              "line": 35,
              "column": 4
            },
            "end": {
              "line": 38,
              "column": 5
            }
          },
          {
            "start": {},
            "end": {}
          }
        ],
        "line": 35
      },
      "3": {
        "loc": {
          "start": {
            "line": 47,
            "column": 73
          },
          "end": {
            "line": 55,
            "column": 12
          }
        },
        "type": "cond-expr",
        "locations": [
          {
            "start": {
              "line": 47,
              "column": 87
            },
            "end": {
              "line": 51,
              "column": 13
            }
          },
          {
            "start": {
              "line": 51,
              "column": 32
            },
            "end": {
              "line": 55,
              "column": 12
            }
          }
        ],
        "line": 47
      },
      "4": {
        "loc": {
          "start": {
            "line": 60,
            "column": 114
          },
          "end": {
            "line": 60,
            "column": 157
          }
        },
        "type": "binary-expr",
        "locations": [
          {
            "start": {
              "line": 60,
              "column": 114
            },
            "end": {
              "line": 60,
              "column": 130
            }
          },
          {
            "start": {
              "line": 60,
              "column": 134
            },
            "end": {
              "line": 60,
              "column": 157
            }
          }
        ],
        "line": 60
      },
      "5": {
        "loc": {
          "start": {
            "line": 78,
            "column": 0
          },
          "end": {
            "line": 91,
            "column": 1
          }
        },
        "type": "if",
        "locations": [
          {
            "start": {
              "line": 78,
              "column": 0
            },
            "end": {
              "line": 91,
              "column": 1
            }
          },
          {
            "start": {},
            "end": {}
          }
        ],
        "line": 78
      },
      "6": {
        "loc": {
          "start": {
            "line": 84,
            "column": 6
          },
          "end": {
            "line": 85,
            "column": 15
          }
        },
        "type": "if",
        "locations": [
          {
            "start": {
              "line": 84,
              "column": 6
            },
            "end": {
              "line": 85,
              "column": 15
            }
          },
          {
            "start": {},
            "end": {}
          }
        ],
        "line": 84
      },
      "7": {
        "loc": {
          "start": {
            "line": 87,
            "column": 6
          },
          "end": {
            "line": 88,
            "column": 54
          }
        },
        "type": "if",
        "locations": [
          {
            "start": {
              "line": 87,
              "column": 6
            },
            "end": {
              "line": 88,
              "column": 54
            }
          },
          {
            "start": {},
            "end": {}
          }
        ],
        "line": 87
      }
    },
    "s": {
      "0": 8,
      "1": 8,
      "2": 0,
      "3": 8,
      "4": 8,
      "5": 8,
      "6": 8,
      "7": 8,
      "8": 8,
      "9": 8,
      "10": 11,
      "11": 11,
      "12": 10,
      "13": 10,
      "14": 10,
      "15": 4,
      "16": 2,
      "17": 10,
      "18": 1,
      "19": 1,
      "20": 1,
      "21": 1,
      "22": 10,
      "23": 8,
      "24": 0,
      "25": 1,
      "26": 8,
      "27": 2,
      "28": 8,
      "29": 8,
      "30": 8,
      "31": 8,
      "32": 8,
      "33": 8,
      "34": 8,
      "35": 8,
      "36": 0,
      "37": 0,
      "38": 0,
      "39": 0,
      "40": 0
    },
    "f": {
      "0": 8,
      "1": 11,
      "2": 4,
      "3": 2,
      "4": 1,
      "5": 8,
      "6": 0,
      "7": 1,
      "8": 2,
      "9": 8,
      "10": 0
    },
    "b": {
      "0": [
        8,
        0
      ],
      "1": [
        0,
        8
      ],
      "2": [
        1,
        0
      ],
      "3": [
        2,
        8
      ],
      "4": [
        10,
        2
      ],
      "5": [
        8,
        0
      ],
      "6": [
        0,
        0
      ],
      "7": [
        0,
        0
      ]
    },
    "inputSourceMap": {
      "version": 3,
      "mappings": "AAyBI,mBACE,cADF;;;;;;;;;;;;;;;;AAzBJ,SAAgBA,WAAWC,gBAAgB;AAC3C,SAASC,mBAAmB;AAC5B,OAAOC,gBAAgB;AAEvB,MAAMC,YAAYA,MAAM;AAAAC,KAAA;AACtB,QAAM,CAACC,MAAMC,OAAO,IAAIN,SAAS,EAAE;AACnC,QAAM,CAACO,SAASC,SAAS,IAAIN,WAAW;AACxC,QAAMO,MAAMR,YAAY;AACxBF,YAAU,MAAM;AACdQ,YAAQ;AAAA,MACNG,KAAK;AAAA,MACLC,QAAQ;AAAA,MACRC,gBAAgBA,CAACC,SAAmB;AAClCP,gBAAQO,IAAI;AAAA,MACd;AAAA,IACF,CAAC;AAAA,EACH,GAAG,EAAE;AACL,QAAMC,kBAAkBA,CAACC,OAAe;AACtC,QAAI,CAACA,IAAI;AACP,YAAMC,QAAQC,KAAKC,MAAMD,KAAKE,OAAO,IAAId,KAAKe,MAAM;AACpDL,WAAKV,KAAKW,KAAK;AAAA,IACjB;AACAP,QAAK,UAASM,IAAI;AAAA,EACpB;AACA,SACE,mCACE;AAAA,2BAAC,OAAE,WAAS,eAAe,uCAA3B;AAAA;AAAA;AAAA;AAAA,WAAkD;AAAA,IAClD,uBAAC,aAAQ,WAAW,YACjBV,eAAKe,SACJf,KAAKgB,IAAKC,UACR,uBAAC,YAAO,WAAS,aAAa,SAAS,MAAMR,gBAAgBQ,IAAI,GAC9DA,kBADH;AAAA;AAAA;AAAA;AAAA,WAEA,CACD,IAED,uBAAC,OAAE,kCAAH;AAAA;AAAA;AAAA;AAAA,WAAqB,KARzB;AAAA;AAAA;AAAA;AAAA,WAUA;AAAA,IACA,uBAAC,YACC,WAAS,kBACT,SAAS,MAAMR,gBAAgB,EAAE,GACjC,UAAUT,KAAKe,UAAU,KAAKZ,cAAc,WAAU,+BAHxD;AAAA;AAAA;AAAA;AAAA,WAMA;AAAA,OAnBF;AAAA;AAAA;AAAA;AAAA,SAoBA;AAEJ;AAAEJ,GA3CID,WAAS;AAAA,UAEgBD,YACjBD,WAAW;AAAA;AAAAsB,KAHnBpB;AA6CN,eAAeA;AAAU,IAAAoB;AAAAC,aAAAD,IAAA",
      "names": [
        "useEffect",
        "useState",
        "useNavigate",
        "useCallApi",
        "SelectMap",
        "_s",
        "maps",
        "setMaps",
        "callApi",
        "apiStatus",
        "nav",
        "url",
        "method",
        "successHandler",
        "list",
        "handleSelectMap",
        "id",
        "index",
        "Math",
        "floor",
        "random",
        "length",
        "map",
        "item",
        "_c",
        "$RefreshReg$"
      ],
      "sources": [
        "D:/papinaser/telegram-bot/fillimo/src/SelectMap.tsx"
      ],
      "file": "D:/papinaser/telegram-bot/fillimo/src/SelectMap.tsx"
    },
    "_coverageSchema": "1a1c01bbd47fc00a2c39e90264f33305004495a9",
    "hash": "8cc87ea6d27a394dd92728e66f664e1c839c69e6"
  },
  "D:/papinaser/telegram-bot/fillimo/src/hooks/useIntersection.tsx": {
    "path": "D:/papinaser/telegram-bot/fillimo/src/hooks/useIntersection.tsx",
    "statementMap": {
      "0": {
        "start": {
          "line": 4,
          "column": 0
        },
        "end": {
          "line": 14,
          "column": 1
        }
      },
      "1": {
        "start": {
          "line": 5,
          "column": 2
        },
        "end": {
          "line": 7,
          "column": 3
        }
      },
      "2": {
        "start": {
          "line": 6,
          "column": 4
        },
        "end": {
          "line": 6,
          "column": 165
        }
      },
      "3": {
        "start": {
          "line": 8,
          "column": 2
        },
        "end": {
          "line": 8,
          "column": 39
        }
      },
      "4": {
        "start": {
          "line": 9,
          "column": 2
        },
        "end": {
          "line": 9,
          "column": 39
        }
      },
      "5": {
        "start": {
          "line": 10,
          "column": 2
        },
        "end": {
          "line": 12,
          "column": 4
        }
      },
      "6": {
        "start": {
          "line": 11,
          "column": 4
        },
        "end": {
          "line": 11,
          "column": 107
        }
      },
      "7": {
        "start": {
          "line": 13,
          "column": 2
        },
        "end": {
          "line": 13,
          "column": 75
        }
      },
      "8": {
        "start": {
          "line": 15,
          "column": 9
        },
        "end": {
          "line": 15,
          "column": 23
        }
      },
      "9": {
        "start": {
          "line": 17,
          "column": 24
        },
        "end": {
          "line": 36,
          "column": 1
        }
      },
      "10": {
        "start": {
          "line": 18,
          "column": 2
        },
        "end": {
          "line": 18,
          "column": 7
        }
      },
      "11": {
        "start": {
          "line": 19,
          "column": 32
        },
        "end": {
          "line": 19,
          "column": 47
        }
      },
      "12": {
        "start": {
          "line": 20,
          "column": 2
        },
        "end": {
          "line": 34,
          "column": 9
        }
      },
      "13": {
        "start": {
          "line": 21,
          "column": 21
        },
        "end": {
          "line": 28,
          "column": 6
        }
      },
      "14": {
        "start": {
          "line": 22,
          "column": 6
        },
        "end": {
          "line": 25,
          "column": 7
        }
      },
      "15": {
        "start": {
          "line": 23,
          "column": 8
        },
        "end": {
          "line": 23,
          "column": 39
        }
      },
      "16": {
        "start": {
          "line": 24,
          "column": 8
        },
        "end": {
          "line": 24,
          "column": 44
        }
      },
      "17": {
        "start": {
          "line": 29,
          "column": 4
        },
        "end": {
          "line": 29,
          "column": 58
        }
      },
      "18": {
        "start": {
          "line": 30,
          "column": 4
        },
        "end": {
          "line": 33,
          "column": 6
        }
      },
      "19": {
        "start": {
          "line": 31,
          "column": 6
        },
        "end": {
          "line": 32,
          "column": 44
        }
      },
      "20": {
        "start": {
          "line": 32,
          "column": 8
        },
        "end": {
          "line": 32,
          "column": 44
        }
      },
      "21": {
        "start": {
          "line": 35,
          "column": 2
        },
        "end": {
          "line": 35,
          "column": 19
        }
      },
      "22": {
        "start": {
          "line": 37,
          "column": 0
        },
        "end": {
          "line": 37,
          "column": 52
        }
      },
      "23": {
        "start": {
          "line": 39,
          "column": 0
        },
        "end": {
          "line": 52,
          "column": 1
        }
      },
      "24": {
        "start": {
          "line": 40,
          "column": 2
        },
        "end": {
          "line": 40,
          "column": 39
        }
      },
      "25": {
        "start": {
          "line": 41,
          "column": 2
        },
        "end": {
          "line": 41,
          "column": 39
        }
      },
      "26": {
        "start": {
          "line": 42,
          "column": 2
        },
        "end": {
          "line": 51,
          "column": 5
        }
      },
      "27": {
        "start": {
          "line": 43,
          "column": 4
        },
        "end": {
          "line": 43,
          "column": 133
        }
      },
      "28": {
        "start": {
          "line": 44,
          "column": 4
        },
        "end": {
          "line": 50,
          "column": 7
        }
      },
      "29": {
        "start": {
          "line": 45,
          "column": 6
        },
        "end": {
          "line": 46,
          "column": 15
        }
      },
      "30": {
        "start": {
          "line": 46,
          "column": 8
        },
        "end": {
          "line": 46,
          "column": 15
        }
      },
      "31": {
        "start": {
          "line": 47,
          "column": 32
        },
        "end": {
          "line": 47,
          "column": 115
        }
      },
      "32": {
        "start": {
          "line": 48,
          "column": 6
        },
        "end": {
          "line": 49,
          "column": 54
        }
      },
      "33": {
        "start": {
          "line": 49,
          "column": 8
        },
        "end": {
          "line": 49,
          "column": 54
        }
      }
    },
    "fnMap": {
      "0": {
        "name": "(anonymous_0)",
        "decl": {
          "start": {
            "line": 10,
            "column": 24
          },
          "end": {
            "line": 10,
            "column": 25
          }
        },
        "loc": {
          "start": {
            "line": 10,
            "column": 38
          },
          "end": {
            "line": 12,
            "column": 3
          }
        },
        "line": 10
      },
      "1": {
        "name": "(anonymous_1)",
        "decl": {
          "start": {
            "line": 17,
            "column": 24
          },
          "end": {
            "line": 17,
            "column": 25
          }
        },
        "loc": {
          "start": {
            "line": 17,
            "column": 49
          },
          "end": {
            "line": 36,
            "column": 1
          }
        },
        "line": 17
      },
      "2": {
        "name": "(anonymous_2)",
        "decl": {
          "start": {
            "line": 20,
            "column": 12
          },
          "end": {
            "line": 20,
            "column": 13
          }
        },
        "loc": {
          "start": {
            "line": 20,
            "column": 18
          },
          "end": {
            "line": 34,
            "column": 3
          }
        },
        "line": 20
      },
      "3": {
        "name": "(anonymous_3)",
        "decl": {
          "start": {
            "line": 21,
            "column": 46
          },
          "end": {
            "line": 21,
            "column": 47
          }
        },
        "loc": {
          "start": {
            "line": 21,
            "column": 59
          },
          "end": {
            "line": 26,
            "column": 5
          }
        },
        "line": 21
      },
      "4": {
        "name": "(anonymous_4)",
        "decl": {
          "start": {
            "line": 30,
            "column": 11
          },
          "end": {
            "line": 30,
            "column": 12
          }
        },
        "loc": {
          "start": {
            "line": 30,
            "column": 17
          },
          "end": {
            "line": 33,
            "column": 5
          }
        },
        "line": 30
      },
      "5": {
        "name": "(anonymous_5)",
        "decl": {
          "start": {
            "line": 42,
            "column": 52
          },
          "end": {
            "line": 42,
            "column": 53
          }
        },
        "loc": {
          "start": {
            "line": 42,
            "column": 72
          },
          "end": {
            "line": 51,
            "column": 3
          }
        },
        "line": 42
      },
      "6": {
        "name": "(anonymous_6)",
        "decl": {
          "start": {
            "line": 44,
            "column": 27
          },
          "end": {
            "line": 44,
            "column": 28
          }
        },
        "loc": {
          "start": {
            "line": 44,
            "column": 44
          },
          "end": {
            "line": 50,
            "column": 5
          }
        },
        "line": 44
      }
    },
    "branchMap": {
      "0": {
        "loc": {
          "start": {
            "line": 4,
            "column": 0
          },
          "end": {
            "line": 14,
            "column": 1
          }
        },
        "type": "if",
        "locations": [
          {
            "start": {
              "line": 4,
              "column": 0
            },
            "end": {
              "line": 14,
              "column": 1
            }
          },
          {
            "start": {},
            "end": {}
          }
        ],
        "line": 4
      },
      "1": {
        "loc": {
          "start": {
            "line": 5,
            "column": 2
          },
          "end": {
            "line": 7,
            "column": 3
          }
        },
        "type": "if",
        "locations": [
          {
            "start": {
              "line": 5,
              "column": 2
            },
            "end": {
              "line": 7,
              "column": 3
            }
          },
          {
            "start": {},
            "end": {}
          }
        ],
        "line": 5
      },
      "2": {
        "loc": {
          "start": {
            "line": 22,
            "column": 6
          },
          "end": {
            "line": 25,
            "column": 7
          }
        },
        "type": "if",
        "locations": [
          {
            "start": {
              "line": 22,
              "column": 6
            },
            "end": {
              "line": 25,
              "column": 7
            }
          },
          {
            "start": {},
            "end": {}
          }
        ],
        "line": 22
      },
      "3": {
        "loc": {
          "start": {
            "line": 29,
            "column": 4
          },
          "end": {
            "line": 29,
            "column": 57
          }
        },
        "type": "binary-expr",
        "locations": [
          {
            "start": {
              "line": 29,
              "column": 4
            },
            "end": {
              "line": 29,
              "column": 20
            }
          },
          {
            "start": {
              "line": 29,
              "column": 24
            },
            "end": {
              "line": 29,
              "column": 57
            }
          }
        ],
        "line": 29
      },
      "4": {
        "loc": {
          "start": {
            "line": 31,
            "column": 6
          },
          "end": {
            "line": 32,
            "column": 44
          }
        },
        "type": "if",
        "locations": [
          {
            "start": {
              "line": 31,
              "column": 6
            },
            "end": {
              "line": 32,
              "column": 44
            }
          },
          {
            "start": {},
            "end": {}
          }
        ],
        "line": 31
      },
      "5": {
        "loc": {
          "start": {
            "line": 31,
            "column": 10
          },
          "end": {
            "line": 31,
            "column": 59
          }
        },
        "type": "binary-expr",
        "locations": [
          {
            "start": {
              "line": 31,
              "column": 10
            },
            "end": {
              "line": 31,
              "column": 17
            }
          },
          {
            "start": {
              "line": 31,
              "column": 21
            },
            "end": {
              "line": 31,
              "column": 59
            }
          }
        ],
        "line": 31
      },
      "6": {
        "loc": {
          "start": {
            "line": 39,
            "column": 0
          },
          "end": {
            "line": 52,
            "column": 1
          }
        },
        "type": "if",
        "locations": [
          {
            "start": {
              "line": 39,
              "column": 0
            },
            "end": {
              "line": 52,
              "column": 1
            }
          },
          {
            "start": {},
            "end": {}
          }
        ],
        "line": 39
      },
      "7": {
        "loc": {
          "start": {
            "line": 45,
            "column": 6
          },
          "end": {
            "line": 46,
            "column": 15
          }
        },
        "type": "if",
        "locations": [
          {
            "start": {
              "line": 45,
              "column": 6
            },
            "end": {
              "line": 46,
              "column": 15
            }
          },
          {
            "start": {},
            "end": {}
          }
        ],
        "line": 45
      },
      "8": {
        "loc": {
          "start": {
            "line": 48,
            "column": 6
          },
          "end": {
            "line": 49,
            "column": 54
          }
        },
        "type": "if",
        "locations": [
          {
            "start": {
              "line": 48,
              "column": 6
            },
            "end": {
              "line": 49,
              "column": 54
            }
          },
          {
            "start": {},
            "end": {}
          }
        ],
        "line": 48
      }
    },
    "s": {
      "0": 8,
      "1": 8,
      "2": 0,
      "3": 8,
      "4": 8,
      "5": 8,
      "6": 0,
      "7": 8,
      "8": 8,
      "9": 8,
      "10": 16,
      "11": 16,
      "12": 16,
      "13": 10,
      "14": 4,
      "15": 3,
      "16": 3,
      "17": 10,
      "18": 10,
      "19": 5,
      "20": 5,
      "21": 16,
      "22": 8,
      "23": 8,
      "24": 8,
      "25": 8,
      "26": 8,
      "27": 8,
      "28": 8,
      "29": 0,
      "30": 0,
      "31": 0,
      "32": 0,
      "33": 0
    },
    "f": {
      "0": 0,
      "1": 16,
      "2": 10,
      "3": 4,
      "4": 5,
      "5": 8,
      "6": 0
    },
    "b": {
      "0": [
        8,
        0
      ],
      "1": [
        0,
        8
      ],
      "2": [
        3,
        1
      ],
      "3": [
        10,
        10
      ],
      "4": [
        5,
        0
      ],
      "5": [
        5,
        5
      ],
      "6": [
        8,
        0
      ],
      "7": [
        0,
        0
      ],
      "8": [
        0,
        0
      ]
    },
    "inputSourceMap": {
      "version": 3,
      "mappings": ";;;;;;;;;;;;;;;AAAA,SAASA,WAAWC,gBAAgB;AAEpC,MAAMC,kBAAkBA,CAACC,SAASC,eAAe;AAAAC,KAAA;AAC/C,QAAM,CAACC,WAAWC,QAAQ,IAAIN,SAAS,KAAK;AAE5CD,YAAU,MAAM;AACd,UAAMQ,WAAW,IAAIC,qBACnB,CAAC,CAACC,KAAK,MAAM;AACX,UAAIA,MAAMC,gBAAgB;AACxBJ,iBAASG,MAAMC,cAAc;AAC7BH,iBAASI,UAAUT,QAAQU,OAAO;AAAA,MACpC;AAAA,IACF,GACA;AAAA,MACET;AAAAA,IACF,CACF;AAEAD,aAASU,WAAWL,SAASM,QAAQX,QAAQU,OAAO;AAEpD,WAAO,MAAM;AACX,UAAIV,WAAWA,QAAQU,mBAAmBE;AAAaP,iBAASI,UAAUT,QAAQU,OAAO;AAAA,IAC3F;AAAA,EACF,GAAG,EAAE;AAEL,SAAOP;AACT;AAAED,GAxBIH,iBAAe;AA0BrB,eAAeA",
      "names": [
        "useEffect",
        "useState",
        "useIntersection",
        "element",
        "rootMargin",
        "_s",
        "isVisible",
        "setState",
        "observer",
        "IntersectionObserver",
        "entry",
        "isIntersecting",
        "unobserve",
        "current",
        "observe",
        "HTMLElement"
      ],
      "sources": [
        "D:/papinaser/telegram-bot/fillimo/src/hooks/useIntersection.tsx"
      ],
      "file": "D:/papinaser/telegram-bot/fillimo/src/hooks/useIntersection.tsx"
    },
    "_coverageSchema": "1a1c01bbd47fc00a2c39e90264f33305004495a9",
    "hash": "9c280673800eecb6750f71ce34903d64bd9da485"
  },
  "D:/papinaser/telegram-bot/fillimo/src/Seat.tsx": {
    "path": "D:/papinaser/telegram-bot/fillimo/src/Seat.tsx",
    "statementMap": {
      "0": {
        "start": {
          "line": 5,
          "column": 0
        },
        "end": {
          "line": 15,
          "column": 1
        }
      },
      "1": {
        "start": {
          "line": 6,
          "column": 2
        },
        "end": {
          "line": 8,
          "column": 3
        }
      },
      "2": {
        "start": {
          "line": 7,
          "column": 4
        },
        "end": {
          "line": 7,
          "column": 165
        }
      },
      "3": {
        "start": {
          "line": 9,
          "column": 2
        },
        "end": {
          "line": 9,
          "column": 39
        }
      },
      "4": {
        "start": {
          "line": 10,
          "column": 2
        },
        "end": {
          "line": 10,
          "column": 39
        }
      },
      "5": {
        "start": {
          "line": 11,
          "column": 2
        },
        "end": {
          "line": 13,
          "column": 4
        }
      },
      "6": {
        "start": {
          "line": 12,
          "column": 4
        },
        "end": {
          "line": 12,
          "column": 90
        }
      },
      "7": {
        "start": {
          "line": 14,
          "column": 2
        },
        "end": {
          "line": 14,
          "column": 75
        }
      },
      "8": {
        "start": {
          "line": 16,
          "column": 9
        },
        "end": {
          "line": 16,
          "column": 23
        }
      },
      "9": {
        "start": {
          "line": 19,
          "column": 13
        },
        "end": {
          "line": 72,
          "column": 1
        }
      },
      "10": {
        "start": {
          "line": 28,
          "column": 2
        },
        "end": {
          "line": 28,
          "column": 7
        }
      },
      "11": {
        "start": {
          "line": 29,
          "column": 12
        },
        "end": {
          "line": 29,
          "column": 16
        }
      },
      "12": {
        "start": {
          "line": 30,
          "column": 19
        },
        "end": {
          "line": 30,
          "column": 23
        }
      },
      "13": {
        "start": {
          "line": 31,
          "column": 2
        },
        "end": {
          "line": 34,
          "column": 3
        }
      },
      "14": {
        "start": {
          "line": 32,
          "column": 4
        },
        "end": {
          "line": 32,
          "column": 19
        }
      },
      "15": {
        "start": {
          "line": 33,
          "column": 4
        },
        "end": {
          "line": 33,
          "column": 45
        }
      },
      "16": {
        "start": {
          "line": 35,
          "column": 33
        },
        "end": {
          "line": 35,
          "column": 52
        }
      },
      "17": {
        "start": {
          "line": 36,
          "column": 2
        },
        "end": {
          "line": 47,
          "column": 19
        }
      },
      "18": {
        "start": {
          "line": 37,
          "column": 4
        },
        "end": {
          "line": 46,
          "column": 5
        }
      },
      "19": {
        "start": {
          "line": 38,
          "column": 6
        },
        "end": {
          "line": 38,
          "column": 45
        }
      },
      "20": {
        "start": {
          "line": 39,
          "column": 22
        },
        "end": {
          "line": 39,
          "column": 33
        }
      },
      "21": {
        "start": {
          "line": 40,
          "column": 6
        },
        "end": {
          "line": 45,
          "column": 7
        }
      },
      "22": {
        "start": {
          "line": 41,
          "column": 24
        },
        "end": {
          "line": 41,
          "column": 55
        }
      },
      "23": {
        "start": {
          "line": 42,
          "column": 8
        },
        "end": {
          "line": 44,
          "column": 9
        }
      },
      "24": {
        "start": {
          "line": 43,
          "column": 10
        },
        "end": {
          "line": 43,
          "column": 31
        }
      },
      "25": {
        "start": {
          "line": 48,
          "column": 18
        },
        "end": {
          "line": 48,
          "column": 26
        }
      },
      "26": {
        "start": {
          "line": 49,
          "column": 2
        },
        "end": {
          "line": 51,
          "column": 3
        }
      },
      "27": {
        "start": {
          "line": 50,
          "column": 4
        },
        "end": {
          "line": 50,
          "column": 29
        }
      },
      "28": {
        "start": {
          "line": 52,
          "column": 28
        },
        "end": {
          "line": 66,
          "column": 3
        }
      },
      "29": {
        "start": {
          "line": 53,
          "column": 4
        },
        "end": {
          "line": 56,
          "column": 5
        }
      },
      "30": {
        "start": {
          "line": 54,
          "column": 6
        },
        "end": {
          "line": 54,
          "column": 32
        }
      },
      "31": {
        "start": {
          "line": 55,
          "column": 6
        },
        "end": {
          "line": 55,
          "column": 13
        }
      },
      "32": {
        "start": {
          "line": 57,
          "column": 4
        },
        "end": {
          "line": 65,
          "column": 5
        }
      },
      "33": {
        "start": {
          "line": 58,
          "column": 22
        },
        "end": {
          "line": 61,
          "column": 8
        }
      },
      "34": {
        "start": {
          "line": 62,
          "column": 6
        },
        "end": {
          "line": 64,
          "column": 7
        }
      },
      "35": {
        "start": {
          "line": 63,
          "column": 8
        },
        "end": {
          "line": 63,
          "column": 26
        }
      },
      "36": {
        "start": {
          "line": 67,
          "column": 2
        },
        "end": {
          "line": 71,
          "column": 11
        }
      },
      "37": {
        "start": {
          "line": 73,
          "column": 0
        },
        "end": {
          "line": 75,
          "column": 3
        }
      },
      "38": {
        "start": {
          "line": 74,
          "column": 2
        },
        "end": {
          "line": 74,
          "column": 27
        }
      },
      "39": {
        "start": {
          "line": 76,
          "column": 0
        },
        "end": {
          "line": 76,
          "column": 10
        }
      },
      "40": {
        "start": {
          "line": 79,
          "column": 0
        },
        "end": {
          "line": 79,
          "column": 25
        }
      },
      "41": {
        "start": {
          "line": 80,
          "column": 0
        },
        "end": {
          "line": 93,
          "column": 1
        }
      },
      "42": {
        "start": {
          "line": 81,
          "column": 2
        },
        "end": {
          "line": 81,
          "column": 39
        }
      },
      "43": {
        "start": {
          "line": 82,
          "column": 2
        },
        "end": {
          "line": 82,
          "column": 39
        }
      },
      "44": {
        "start": {
          "line": 83,
          "column": 2
        },
        "end": {
          "line": 92,
          "column": 5
        }
      },
      "45": {
        "start": {
          "line": 84,
          "column": 4
        },
        "end": {
          "line": 84,
          "column": 116
        }
      },
      "46": {
        "start": {
          "line": 85,
          "column": 4
        },
        "end": {
          "line": 91,
          "column": 7
        }
      },
      "47": {
        "start": {
          "line": 86,
          "column": 6
        },
        "end": {
          "line": 87,
          "column": 15
        }
      },
      "48": {
        "start": {
          "line": 87,
          "column": 8
        },
        "end": {
          "line": 87,
          "column": 15
        }
      },
      "49": {
        "start": {
          "line": 88,
          "column": 32
        },
        "end": {
          "line": 88,
          "column": 115
        }
      },
      "50": {
        "start": {
          "line": 89,
          "column": 6
        },
        "end": {
          "line": 90,
          "column": 54
        }
      },
      "51": {
        "start": {
          "line": 90,
          "column": 8
        },
        "end": {
          "line": 90,
          "column": 54
        }
      }
    },
    "fnMap": {
      "0": {
        "name": "(anonymous_0)",
        "decl": {
          "start": {
            "line": 11,
            "column": 24
          },
          "end": {
            "line": 11,
            "column": 25
          }
        },
        "loc": {
          "start": {
            "line": 11,
            "column": 38
          },
          "end": {
            "line": 13,
            "column": 3
          }
        },
        "line": 11
      },
      "1": {
        "name": "(anonymous_1)",
        "decl": {
          "start": {
            "line": 19,
            "column": 13
          },
          "end": {
            "line": 19,
            "column": 14
          }
        },
        "loc": {
          "start": {
            "line": 27,
            "column": 6
          },
          "end": {
            "line": 72,
            "column": 1
          }
        },
        "line": 27
      },
      "2": {
        "name": "(anonymous_2)",
        "decl": {
          "start": {
            "line": 36,
            "column": 12
          },
          "end": {
            "line": 36,
            "column": 13
          }
        },
        "loc": {
          "start": {
            "line": 36,
            "column": 18
          },
          "end": {
            "line": 47,
            "column": 3
          }
        },
        "line": 36
      },
      "3": {
        "name": "(anonymous_3)",
        "decl": {
          "start": {
            "line": 52,
            "column": 28
          },
          "end": {
            "line": 52,
            "column": 29
          }
        },
        "loc": {
          "start": {
            "line": 52,
            "column": 40
          },
          "end": {
            "line": 66,
            "column": 3
          }
        },
        "line": 52
      },
      "4": {
        "name": "(anonymous_4)",
        "decl": {
          "start": {
            "line": 73,
            "column": 48
          },
          "end": {
            "line": 73,
            "column": 49
          }
        },
        "loc": {
          "start": {
            "line": 73,
[...]
        }
      },
      "8": {
        "start": {
          "line": 20,
          "column": 18
        },
        "end": {
          "line": 45,
          "column": 1
        }
      },
      "9": {
        "start": {
          "line": 21,
          "column": 2
        },
        "end": {
          "line": 44,
          "column": 11
        }
      },
      "10": {
        "start": {
          "line": 46,
          "column": 0
        },
        "end": {
          "line": 46,
          "column": 15
        }
      },
      "11": {
        "start": {
          "line": 49,
          "column": 0
        },
        "end": {
          "line": 49,
          "column": 30
        }
      },
      "12": {
        "start": {
          "line": 50,
          "column": 0
        },
        "end": {
          "line": 63,
          "column": 1
        }
      },
      "13": {
        "start": {
          "line": 51,
          "column": 2
        },
        "end": {
          "line": 51,
          "column": 39
        }
      },
      "14": {
        "start": {
          "line": 52,
          "column": 2
        },
        "end": {
          "line": 52,
          "column": 39
        }
      },
      "15": {
        "start": {
          "line": 53,
          "column": 2
        },
        "end": {
          "line": 62,
          "column": 5
        }
      },
      "16": {
        "start": {
          "line": 54,
          "column": 4
        },
        "end": {
          "line": 54,
          "column": 121
        }
      },
      "17": {
        "start": {
          "line": 55,
          "column": 4
        },
        "end": {
          "line": 61,
          "column": 7
        }
      },
      "18": {
        "start": {
          "line": 56,
          "column": 6
        },
        "end": {
          "line": 57,
          "column": 15
        }
      },
      "19": {
        "start": {
          "line": 57,
          "column": 8
        },
        "end": {
          "line": 57,
          "column": 15
        }
      },
      "20": {
        "start": {
          "line": 58,
          "column": 32
        },
        "end": {
          "line": 58,
          "column": 115
        }
      },
      "21": {
        "start": {
          "line": 59,
          "column": 6
        },
        "end": {
          "line": 60,
          "column": 54
        }
      },
      "22": {
        "start": {
          "line": 60,
          "column": 8
        },
        "end": {
          "line": 60,
          "column": 54
        }
      }
    },
    "fnMap": {
      "0": {
        "name": "(anonymous_0)",
        "decl": {
          "start": {
            "line": 11,
            "column": 24
          },
          "end": {
            "line": 11,
            "column": 25
          }
        },
        "loc": {
          "start": {
            "line": 11,
            "column": 38
          },
          "end": {
            "line": 13,
            "column": 3
          }
        },
        "line": 11
      },
      "1": {
        "name": "(anonymous_1)",
        "decl": {
          "start": {
            "line": 20,
            "column": 18
          },
          "end": {
            "line": 20,
            "column": 19
          }
        },
        "loc": {
          "start": {
            "line": 20,
            "column": 24
          },
          "end": {
            "line": 45,
            "column": 1
          }
        },
        "line": 20
      },
      "2": {
        "name": "(anonymous_2)",
        "decl": {
          "start": {
            "line": 53,
            "column": 52
          },
          "end": {
            "line": 53,
            "column": 53
          }
        },
        "loc": {
          "start": {
            "line": 53,
            "column": 72
          },
          "end": {
            "line": 62,
            "column": 3
          }
        },
        "line": 53
      },
      "3": {
        "name": "(anonymous_3)",
        "decl": {
          "start": {
            "line": 55,
            "column": 27
          },
          "end": {
            "line": 55,
            "column": 28
          }
        },
        "loc": {
          "start": {
            "line": 55,
            "column": 44
          },
          "end": {
            "line": 61,
            "column": 5
          }
        },
        "line": 55
      }
    },
    "branchMap": {
      "0": {
        "loc": {
          "start": {
            "line": 5,
            "column": 0
          },
          "end": {
            "line": 15,
            "column": 1
          }
        },
        "type": "if",
        "locations": [
          {
            "start": {
              "line": 5,
              "column": 0
            },
            "end": {
              "line": 15,
              "column": 1
            }
          },
          {
            "start": {},
            "end": {}
          }
        ],
        "line": 5
      },
      "1": {
        "loc": {
          "start": {
            "line": 6,
            "column": 2
          },
          "end": {
            "line": 8,
            "column": 3
          }
        },
        "type": "if",
        "locations": [
          {
            "start": {
              "line": 6,
              "column": 2
            },
            "end": {
              "line": 8,
              "column": 3
            }
          },
          {
            "start": {},
            "end": {}
          }
        ],
        "line": 6
      },
      "2": {
        "loc": {
          "start": {
            "line": 50,
            "column": 0
          },
          "end": {
            "line": 63,
            "column": 1
          }
        },
        "type": "if",
        "locations": [
          {
            "start": {
              "line": 50,
              "column": 0
            },
            "end": {
              "line": 63,
              "column": 1
            }
          },
          {
            "start": {},
            "end": {}
          }
        ],
        "line": 50
      },
      "3": {
        "loc": {
          "start": {
            "line": 56,
            "column": 6
          },
          "end": {
            "line": 57,
            "column": 15
          }
        },
        "type": "if",
        "locations": [
          {
            "start": {
              "line": 56,
              "column": 6
            },
            "end": {
              "line": 57,
              "column": 15
            }
          },
          {
            "start": {},
            "end": {}
          }
        ],
        "line": 56
      },
      "4": {
        "loc": {
          "start": {
            "line": 59,
            "column": 6
          },
          "end": {
            "line": 60,
            "column": 54
          }
        },
        "type": "if",
        "locations": [
          {
            "start": {
              "line": 59,
              "column": 6
            },
            "end": {
              "line": 60,
              "column": 54
            }
          },
          {
            "start": {},
            "end": {}
          }
        ],
        "line": 59
      }
    },
    "s": {
      "0": 8,
      "1": 8,
      "2": 0,
      "3": 8,
      "4": 8,
      "5": 8,
      "6": 8,
      "7": 8,
      "8": 8,
      "9": 22,
      "10": 8,
      "11": 8,
      "12": 8,
      "13": 8,
      "14": 8,
      "15": 8,
      "16": 8,
      "17": 8,
      "18": 0,
      "19": 0,
      "20": 0,
      "21": 0,
      "22": 0
    },
    "f": {
      "0": 8,
      "1": 22,
      "2": 8,
      "3": 0
    },
    "b": {
      "0": [
        8,
        0
      ],
      "1": [
        0,
        8
      ],
      "2": [
        8,
        0
      ],
      "3": [
        0,
        0
      ],
      "4": [
        0,
        0
      ]
    },
    "inputSourceMap": {
      "version": 3,
      "mappings": "AAQ6C;AAR7C,2BAAsB;AAAQ,IAAkB;AAAA;AAAA;AAAA;AAAA;AAAA;AAAA;AAAA;AAAA;AAAA;AAAA;AAAA;AAAA;AAAA;AAChD,SAASA,kBAAkB;AAC3B,OAAOC,eAAe;AACtB,OAAOC,cAAc;AAErB,MAAMC,YAAYA,MAAM;AACtB,SACE,uBAAC,UACC;AAAA,2BAAC,SAAM,MAAMH,WAAWI,MAAM,SAAS,uBAAC,eAAD;AAAA;AAAA;AAAA;AAAA,WAAU,KAAjD;AAAA;AAAA;AAAA;AAAA,WAAsD;AAAA,IACtD,uBAAC,SAAM,MAAMJ,WAAWK,OAAO,SAAS,uBAAC,cAAD;AAAA;AAAA;AAAA;AAAA,WAAS,KAAjD;AAAA;AAAA;AAAA;AAAA,WAAsD;AAAA,OAFxD;AAAA;AAAA;AAAA;AAAA,SAGA;AAEJ;AAAEC,KAPIH;AASN,eAAeA;AAAU,IAAAG;AAAAC,aAAAD,IAAA",
      "names": [
        "PageRoutes",
        "SelectMap",
        "SeatList",
        "AppRoutes",
        "ROOT",
        "SEATS",
        "_c",
        "$RefreshReg$"
      ],
      "sources": [
        "D:/papinaser/telegram-bot/fillimo/src/AppRoutes.tsx"
      ],
      "file": "D:/papinaser/telegram-bot/fillimo/src/AppRoutes.tsx"
    },
    "_coverageSchema": "1a1c01bbd47fc00a2c39e90264f33305004495a9",
    "hash": "b6c96f39009dbeb8bea10bbeff0567a05a58d234"
  },
  "D:/papinaser/telegram-bot/fillimo/src/App.tsx": {
    "path": "D:/papinaser/telegram-bot/fillimo/src/App.tsx",
    "statementMap": {
      "0": {
        "start": {
          "line": 5,
          "column": 0
        },
        "end": {
          "line": 15,
          "column": 1
        }
      },
      "1": {
        "start": {
          "line": 6,
          "column": 2
        },
        "end": {
          "line": 8,
          "column": 3
        }
      },
      "2": {
        "start": {
          "line": 7,
          "column": 4
        },
        "end": {
          "line": 7,
          "column": 165
        }
      },
      "3": {
        "start": {
          "line": 9,
          "column": 2
        },
        "end": {
          "line": 9,
          "column": 39
        }
      },
      "4": {
        "start": {
          "line": 10,
          "column": 2
        },
        "end": {
          "line": 10,
          "column": 39
        }
      },
      "5": {
        "start": {
          "line": 11,
          "column": 2
        },
        "end": {
          "line": 13,
          "column": 4
        }
      },
      "6": {
        "start": {
          "line": 12,
          "column": 4
        },
        "end": {
          "line": 12,
          "column": 89
        }
      },
      "7": {
        "start": {
          "line": 14,
          "column": 2
        },
        "end": {
          "line": 14,
          "column": 75
        }
      },
      "8": {
        "start": {
          "line": 20,
          "column": 2
        },
        "end": {
          "line": 32,
          "column": 11
        }
      },
      "9": {
        "start": {
          "line": 34,
          "column": 0
        },
        "end": {
          "line": 34,
          "column": 9
        }
      },
      "10": {
        "start": {
          "line": 37,
          "column": 0
        },
        "end": {
          "line": 37,
          "column": 24
        }
      },
      "11": {
        "start": {
          "line": 38,
          "column": 0
        },
        "end": {
          "line": 51,
          "column": 1
        }
      },
      "12": {
        "start": {
          "line": 39,
          "column": 2
        },
        "end": {
          "line": 39,
          "column": 39
        }
      },
      "13": {
        "start": {
          "line": 40,
          "column": 2
        },
        "end": {
          "line": 40,
          "column": 39
        }
      },
      "14": {
        "start": {
          "line": 41,
          "column": 2
        },
        "end": {
          "line": 50,
          "column": 5
        }
      },
      "15": {
        "start": {
          "line": 42,
          "column": 4
        },
        "end": {
          "line": 42,
          "column": 115
        }
      },
      "16": {
        "start": {
          "line": 43,
          "column": 4
        },
        "end": {
          "line": 49,
          "column": 7
        }
      },
      "17": {
        "start": {
          "line": 44,
          "column": 6
        },
        "end": {
          "line": 45,
          "column": 15
        }
      },
      "18": {
        "start": {
          "line": 45,
          "column": 8
        },
        "end": {
          "line": 45,
          "column": 15
        }
      },
      "19": {
        "start": {
          "line": 46,
          "column": 32
        },
        "end": {
          "line": 46,
          "column": 115
        }
      },
      "20": {
        "start": {
          "line": 47,
          "column": 6
        },
        "end": {
          "line": 48,
          "column": 54
        }
      },
      "21": {
        "start": {
          "line": 48,
          "column": 8
        },
        "end": {
          "line": 48,
          "column": 54
        }
      }
    },
    "fnMap": {
      "0": {
        "name": "(anonymous_0)",
        "decl": {
          "start": {
            "line": 11,
            "column": 24
          },
          "end": {
            "line": 11,
            "column": 25
          }
        },
        "loc": {
          "start": {
            "line": 11,
            "column": 38
          },
          "end": {
            "line": 13,
            "column": 3
          }
        },
        "line": 11
      },
      "1": {
        "name": "App",
        "decl": {
          "start": {
            "line": 19,
            "column": 9
          },
          "end": {
            "line": 19,
            "column": 12
          }
        },
        "loc": {
          "start": {
            "line": 19,
            "column": 15
          },
          "end": {
            "line": 33,
            "column": 1
          }
        },
        "line": 19
      },
      "2": {
        "name": "(anonymous_2)",
        "decl": {
          "start": {
            "line": 41,
            "column": 52
          },
          "end": {
            "line": 41,
            "column": 53
          }
        },
        "loc": {
          "start": {
            "line": 41,
            "column": 72
          },
          "end": {
            "line": 50,
            "column": 3
          }
        },
        "line": 41
      },
      "3": {
        "name": "(anonymous_3)",
        "decl": {
          "start": {
            "line": 43,
            "column": 27
          },
          "end": {
            "line": 43,
            "column": 28
          }
        },
        "loc": {
          "start": {
            "line": 43,
            "column": 44
          },
          "end": {
            "line": 49,
            "column": 5
          }
        },
        "line": 43
      }
    },
    "branchMap": {
      "0": {
        "loc": {
          "start": {
            "line": 5,
            "column": 0
          },
          "end": {
            "line": 15,
            "column": 1
          }
        },
        "type": "if",
        "locations": [
          {
            "start": {
              "line": 5,
              "column": 0
            },
            "end": {
              "line": 15,
              "column": 1
            }
          },
          {
            "start": {},
            "end": {}
          }
        ],
        "line": 5
      },
      "1": {
        "loc": {
          "start": {
            "line": 6,
            "column": 2
          },
          "end": {
            "line": 8,
            "column": 3
          }
        },
        "type": "if",
        "locations": [
          {
            "start": {
              "line": 6,
              "column": 2
            },
            "end": {
              "line": 8,
              "column": 3
            }
          },
          {
            "start": {},
            "end": {}
          }
        ],
        "line": 6
      },
      "2": {
        "loc": {
          "start": {
            "line": 38,
            "column": 0
          },
          "end": {
            "line": 51,
            "column": 1
          }
        },
        "type": "if",
        "locations": [
          {
            "start": {
              "line": 38,
              "column": 0
            },
            "end": {
              "line": 51,
              "column": 1
            }
          },
          {
            "start": {},
            "end": {}
          }
        ],
        "line": 38
      },
      "3": {
        "loc": {
          "start": {
            "line": 44,
            "column": 6
          },
          "end": {
            "line": 45,
            "column": 15
          }
        },
        "type": "if",
        "locations": [
          {
            "start": {
              "line": 44,
              "column": 6
            },
            "end": {
              "line": 45,
              "column": 15
            }
          },
          {
            "start": {},
            "end": {}
          }
        ],
        "line": 44
      },
      "4": {
        "loc": {
          "start": {
            "line": 47,
            "column": 6
          },
          "end": {
            "line": 48,
            "column": 54
          }
        },
        "type": "if",
        "locations": [
          {
            "start": {
              "line": 47,
              "column": 6
            },
            "end": {
              "line": 48,
              "column": 54
            }
          },
          {
            "start": {},
            "end": {}
          }
        ],
        "line": 47
      }
    },
    "s": {
      "0": 8,
      "1": 8,
      "2": 0,
      "3": 8,
      "4": 8,
      "5": 8,
      "6": 8,
      "7": 8,
      "8": 22,
      "9": 8,
      "10": 8,
      "11": 8,
      "12": 8,
      "13": 8,
      "14": 8,
      "15": 8,
      "16": 8,
      "17": 0,
      "18": 0,
      "19": 0,
      "20": 0,
      "21": 0
    },
    "f": {
      "0": 8,
      "1": 22,
      "2": 8,
      "3": 0
    },
    "b": {
      "0": [
        8,
        0
      ],
      "1": [
        0,
        8
      ],
      "2": [
        8,
        0
      ],
      "3": [
        0,
        0
      ],
      "4": [
        0,
        0
      ]
    },
    "inputSourceMap": {
      "version": 3,
      "mappings": "AAQQ;AARR,OAAO,oBAAW;AAAA;AAAA;AAAA;AAAA;AAAA;AAAA;AAAA;AAAA;AAAA;AAAA;AAAA;AAAA;AAAA;AAAA;AAClB,SAASA,qBAAqB;AAC9B,OAAOC,eAAe;AAEtB,SAASC,MAAM;AACb,SACE,uBAAC,UAAK,WAAW,iBACf,iCAAC,iBACC,iCAAC,eAAD;AAAA;AAAA;AAAA;AAAA,SAAU,KADZ;AAAA;AAAA;AAAA;AAAA,SAEA,KAHF;AAAA;AAAA;AAAA;AAAA,SAIA;AAEJ;AAACC,KARQD;AAUT,eAAeA;AAAI,IAAAC;AAAAC,aAAAD,IAAA",
      "names": [
        "BrowserRouter",
        "AppRoutes",
        "App",
        "_c",
        "$RefreshReg$"
      ],
      "sources": [
        "D:/papinaser/telegram-bot/fillimo/src/App.tsx"
      ],
      "file": "D:/papinaser/telegram-bot/fillimo/src/App.tsx"
    },
    "_coverageSchema": "1a1c01bbd47fc00a2c39e90264f33305004495a9",
    "hash": "c0c2ef18d447adbd6a25bc10e02e640d8be7c4e4"
  },
  "D:/papinaser/telegram-bot/fillimo/src/main.tsx": {
    "path": "D:/papinaser/telegram-bot/fillimo/src/main.tsx",
    "statementMap": {
      "0": {
        "start": {
          "line": 6,
          "column": 0
        },
        "end": {
          "line": 14,
          "column": 10
        }
      }
    },
    "fnMap": {},
    "branchMap": {},
    "s": {
      "0": 8
    },
    "f": {},
    "b": {},
    "inputSourceMap": {
      "version": 3,
      "mappings": "AAOI;AAPJ,OAAOA,WAAW;AAClB,OAAOC,cAAc;AACrB,OAAOC,SAAS;AAChB,OAAO;AAEPD,SAASE,WAAWC,SAASC,eAAe,MAAM,CAAgB,EAAEC,OAClE,uBAAC,MAAM,YAAN,EACC,iCAAC,SAAD;AAAA;AAAA;AAAA;AAAA,OAAI,KADN;AAAA;AAAA;AAAA;AAAA,OAEA,CACF",
      "names": [
        "React",
        "ReactDOM",
        "App",
        "createRoot",
        "document",
        "getElementById",
        "render"
      ],
      "sources": [
        "D:/papinaser/telegram-bot/fillimo/src/main.tsx"
      ],
      "file": "D:/papinaser/telegram-bot/fillimo/src/main.tsx"
    },
    "_coverageSchema": "1a1c01bbd47fc00a2c39e90264f33305004495a9",
    "hash": "eb7128b8378e68ca7b0fc75a9c86438ab31f6678"
  }
}